2025-01-13T17:54:09.897Z 0: 

----------------------------------------------
2025-01-13T17:54:09.904Z 1: Discord starting: {"releaseChannel":"stable","version":"0.0.79"}, modulepath: /home/karol/.config/discord/0.0.79/modules
2025-01-13T17:54:09.906Z 2: ✅ webContents.created web1 ""
2025-01-13T17:54:09.908Z 3: ✅ window.created win1 "discord"
2025-01-13T17:54:10.405Z 4: ✅ webContents.did-finish-load web1
2025-01-13T17:54:15.357Z 5: ✅ webContents.created web2 ""
2025-01-13T17:54:15.382Z 6: ✅ window.created win2 "Discord"
2025-01-13T17:54:18.300Z 7: ✅ webContents.did-finish-load web2
2025-01-13T17:54:18.400Z 8: window.close win1
2025-01-13T17:54:18.616Z 9: webContents.destroyed web1
2025-01-13T17:54:18.624Z 10: window.closed win1
2025-01-13T17:54:57.303Z 11: window.close win2
2025-01-13T18:03:09.447Z 0: 

----------------------------------------------
2025-01-13T18:03:09.459Z 1: Discord starting: {"releaseChannel":"stable","version":"0.0.79"}, modulepath: /home/karol/.config/discord/0.0.79/modules
2025-01-13T18:25:17.389Z 0: 

----------------------------------------------
2025-01-13T18:25:17.401Z 1: Discord starting: {"releaseChannel":"stable","version":"0.0.79"}, modulepath: /home/karol/.config/discord/0.0.79/modules
2025-01-13T18:25:51.604Z 0: 

----------------------------------------------
2025-01-13T18:25:51.615Z 1: Discord starting: {"releaseChannel":"stable","version":"0.0.79"}, modulepath: /home/karol/.config/discord/0.0.79/modules
2025-01-13T18:31:10.135Z 0: 

----------------------------------------------
2025-01-13T18:31:10.148Z 1: Discord starting: {"releaseChannel":"stable","version":"0.0.79"}, modulepath: /home/karol/.config/discord/0.0.79/modules
2025-01-13T18:46:16.263Z 12: window.close win2
2025-01-13T19:07:42.521Z 0: 

----------------------------------------------
2025-01-13T19:07:42.532Z 1: Discord starting: {"releaseChannel":"stable","version":"0.0.79"}, modulepath: /home/karol/.config/discord/0.0.79/modules
2025-01-13T19:07:42.535Z 2: ✅ webContents.created web1 ""
2025-01-13T19:07:42.536Z 3: ✅ window.created win1 "discord"
2025-01-13T19:07:42.932Z 4: ✅ webContents.did-finish-load web1
2025-01-13T19:07:43.258Z 5: ✅ webContents.created web2 ""
2025-01-13T19:07:43.272Z 6: ✅ window.created win2 "Discord"
2025-01-13T19:07:46.991Z 7: ✅ webContents.did-finish-load web2
2025-01-13T19:07:47.093Z 8: window.close win1
2025-01-13T19:07:47.190Z 9: webContents.destroyed web1
2025-01-13T19:07:47.192Z 10: window.closed win1
2025-01-13T19:45:53.204Z 11: ✅ webContents.created web3 ""
2025-01-13T19:45:53.218Z 12: ✅ window.created win3 "Discord Popout"
2025-01-13T19:45:53.711Z 13: ✅ webContents.did-finish-load web3
2025-01-13T19:46:33.710Z 14: window.close win3
2025-01-13T19:46:33.726Z 15: window.close win3
2025-01-13T19:46:33.761Z 16: webContents.destroyed web3
2025-01-13T19:46:33.771Z 17: window.closed win3
2025-01-13T20:08:20.636Z 18: ❌ webContents.nresponsive web2
2025-01-13T20:08:47.290Z 19: ❌ webContents.nresponsive web2
2025-01-13T20:08:56.437Z 20: ❌ render-process-gone { reason: 'crashed', exitCode: 133 }
2025-01-13T20:08:56.493Z 21: window.closed win2
2025-01-13T20:08:56.497Z 22: ✅ webContents.created web4 ""
2025-01-13T20:08:56.510Z 23: ✅ window.created win4 "Discord"
2025-01-13T20:08:56.516Z 24: webContents.destroyed web2
2025-01-13T20:08:59.194Z 25: ✅ webContents.did-finish-load web4
2025-01-13T20:29:20.723Z 0: 

----------------------------------------------
2025-01-13T20:29:20.734Z 1: Discord starting: {"releaseChannel":"stable","version":"0.0.79"}, modulepath: /home/karol/.config/discord/0.0.79/modules
