[2025-Jan-13 18:54:19.082 +01:00][61529:61529][info ] Logging initialized
[2025-Jan-13 18:54:19.082 +01:00][61529:61529][info ] Initializing krisp SDK...
[2025-Jan-13 18:54:19.082 +01:00][61529:61529][info ] DoKrispInitialize
[2025-Jan-13 18:54:19.407 +01:00][61529:61529][info ] LoadDynamicKrisp
[2025-Jan-13 18:54:19.407 +01:00][61529:61529][info ] Did not find KRISP_DYLIB_PATH, skipping dynamic loading
[2025-Jan-13 18:54:19.407 +01:00][61529:61529][info ] Initializing Krisp SDK in PID 61529, addr 0x7f29773906f0
[2025-Jan-13 18:54:19.607 +01:00][61529:61529][info ] Initialized Krisp SDK successfully
[2025-Jan-13 18:54:19.607 +01:00][61529:61529][info ] Krisp SDK initialized
[2025-Jan-13 20:07:45.467 +01:00][72241:72241][info ] Logging initialized
[2025-Jan-13 20:07:45.467 +01:00][72241:72241][info ] Initializing krisp SDK...
[2025-Jan-13 20:07:45.467 +01:00][72241:72241][info ] DoKrispInitialize
[2025-Jan-13 20:07:45.793 +01:00][72241:72241][info ] LoadDynamicKrisp
[2025-Jan-13 20:07:45.793 +01:00][72241:72241][info ] Did not find KRISP_DYLIB_PATH, skipping dynamic loading
[2025-Jan-13 20:07:45.793 +01:00][72241:72241][info ] Initializing Krisp SDK in PID 72241, addr 0x7b8decd906f0
[2025-Jan-13 20:07:46.015 +01:00][72241:72241][info ] Initialized Krisp SDK successfully
[2025-Jan-13 20:07:46.015 +01:00][72241:72241][info ] Krisp SDK initialized
[2025-Jan-13 20:08:10.358 +01:00][72241:72298][info ] KrispNCSetup: sampleRate = 48000, duration = 10
[2025-Jan-13 20:08:10.358 +01:00][72241:72298][info ] Setting Krisp model: full_NC
[2025-Jan-13 20:08:10.371 +01:00][72241:72298][info ] KrispVADSetup: sampleRate = 48000, duration = 10
[2025-Jan-13 21:08:57.827 +01:00][80724:80724][info ] Logging initialized
[2025-Jan-13 21:08:57.827 +01:00][80724:80724][info ] Initializing krisp SDK...
[2025-Jan-13 21:08:57.827 +01:00][80724:80724][info ] DoKrispInitialize
[2025-Jan-13 21:08:58.225 +01:00][80724:80724][info ] LoadDynamicKrisp
[2025-Jan-13 21:08:58.225 +01:00][80724:80724][info ] Did not find KRISP_DYLIB_PATH, skipping dynamic loading
[2025-Jan-13 21:08:58.225 +01:00][80724:80724][info ] Initializing Krisp SDK in PID 80724, addr 0x7935695906f0
[2025-Jan-13 21:08:58.460 +01:00][80724:80724][info ] Initialized Krisp SDK successfully
[2025-Jan-13 21:08:58.460 +01:00][80724:80724][info ] Krisp SDK initialized
[2025-Jan-13 21:09:04.630 +01:00][80724:80759][info ] KrispNCSetup: sampleRate = 48000, duration = 10
[2025-Jan-13 21:09:04.630 +01:00][80724:80759][info ] Setting Krisp model: full_NC
[2025-Jan-13 21:09:04.642 +01:00][80724:80759][info ] KrispVADSetup: sampleRate = 48000, duration = 10
[2025-Jan-13 22:19:36.275 +01:00][80724:80751][info ] KrispVADReset
[2025-Jan-13 22:19:36.278 +01:00][80724:80759][info ] KrispNCReset
[2025-Jan-13 22:19:36.278 +01:00][80724:80759][info ] KrispNCSetup: sampleRate = 8000, duration = 10
[2025-Jan-13 22:19:36.278 +01:00][80724:80759][info ] Setting Krisp model: small_NC_8k
[2025-Jan-13 22:19:36.801 +01:00][80724:80759][info ] KrispNCReset
[2025-Jan-13 22:19:36.801 +01:00][80724:80759][info ] KrispNCSetup: sampleRate = 48000, duration = 10
[2025-Jan-13 22:19:36.801 +01:00][80724:80759][info ] Setting Krisp model: full_NC
[2025-Jan-13 22:19:36.814 +01:00][80724:80759][info ] KrispVADSetup: sampleRate = 48000, duration = 10
