2025-01-13T17:54:09.852Z [Modules] Modules initializing
2025-01-13T17:54:09.853Z [Modules] Distribution: remote
2025-01-13T17:54:09.853Z [Modules] Host updates: enabled
2025-01-13T17:54:09.853Z [Modules] Module updates: enabled
2025-01-13T17:54:09.856Z [Modules] Module install path: /home/karol/.config/discord/0.0.79/modules
2025-01-13T17:54:09.859Z [Modules] Module installed file path: /home/karol/.config/discord/0.0.79/modules/installed.json
2025-01-13T17:54:09.859Z [Modules] Module download path: /home/karol/.config/discord/0.0.79/modules/pending
2025-01-13T17:54:10.333Z [Modules] Bootstrapping...
2025-01-13T17:54:10.334Z [Modules] Installing discord_desktop_core@0 from /opt/discord/resources/bootstrap/discord_desktop_core.zip
2025-01-13T17:54:10.342Z [Modules] Failed installing discord_desktop_core@0: Error: ENOENT: no such file or directory, open '/opt/discord/resources/bootstrap/discord_desktop_core.zip'
2025-01-13T17:54:10.343Z [Modules] Installing discord_erlpack@0 from /opt/discord/resources/bootstrap/discord_erlpack.zip
2025-01-13T17:54:10.355Z [Modules] Failed installing discord_erlpack@0: Error: ENOENT: no such file or directory, open '/opt/discord/resources/bootstrap/discord_erlpack.zip'
2025-01-13T17:54:10.356Z [Modules] Installing discord_spellcheck@0 from /opt/discord/resources/bootstrap/discord_spellcheck.zip
2025-01-13T17:54:10.361Z [Modules] Failed installing discord_spellcheck@0: Error: ENOENT: no such file or directory, open '/opt/discord/resources/bootstrap/discord_spellcheck.zip'
2025-01-13T17:54:10.361Z [Modules] Installing discord_utils@0 from /opt/discord/resources/bootstrap/discord_utils.zip
2025-01-13T17:54:10.366Z [Modules] Failed installing discord_utils@0: Error: ENOENT: no such file or directory, open '/opt/discord/resources/bootstrap/discord_utils.zip'
2025-01-13T17:54:10.366Z [Modules] Installing discord_voice@0 from /opt/discord/resources/bootstrap/discord_voice.zip
2025-01-13T17:54:10.370Z [Modules] Failed installing discord_voice@0: Error: ENOENT: no such file or directory, open '/opt/discord/resources/bootstrap/discord_voice.zip'
2025-01-13T17:54:10.370Z [Modules] Installing discord_zstd@0 from /opt/discord/resources/bootstrap/discord_zstd.zip
2025-01-13T17:54:10.373Z [Modules] Failed installing discord_zstd@0: Error: ENOENT: no such file or directory, open '/opt/discord/resources/bootstrap/discord_zstd.zip'
2025-01-13T17:54:10.373Z [Modules] Finished module installations. [success: 0] [failure: 6]
2025-01-13T17:54:10.373Z [Modules] Checking for host updates.
2025-01-13T17:54:10.602Z [Modules] Host is up to date.
2025-01-13T17:54:10.602Z [Modules] Checking for module updates at https://discord.com/api/modules/stable/versions.json
2025-01-13T17:54:10.637Z [Modules] Module update available: discord_desktop_core@1 [installed: 0]
2025-01-13T17:54:10.637Z [Modules] Module update available: discord_erlpack@1 [installed: 0]
2025-01-13T17:54:10.637Z [Modules] Module update available: discord_spellcheck@1 [installed: 0]
2025-01-13T17:54:10.637Z [Modules] Module update available: discord_utils@1 [installed: 0]
2025-01-13T17:54:10.637Z [Modules] Module update available: discord_voice@1 [installed: 0]
2025-01-13T17:54:10.637Z [Modules] Module update available: discord_zstd@1 [installed: 0]
2025-01-13T17:54:10.638Z [Modules] Fetching discord_desktop_core@1 from https://discord.com/api/modules/stable/discord_desktop_core/1
2025-01-13T17:54:10.638Z [Modules] Streaming discord_desktop_core@1 to /home/karol/.config/discord/0.0.79/modules/pending/discord_desktop_core-1.zip
2025-01-13T17:54:10.954Z [Modules] Streaming discord_desktop_core@1 to /home/karol/.config/discord/0.0.79/modules/pending/discord_desktop_core-1.zip: 2%
2025-01-13T17:54:10.957Z [Modules] Streaming discord_desktop_core@1 to /home/karol/.config/discord/0.0.79/modules/pending/discord_desktop_core-1.zip: 3%
2025-01-13T17:54:10.963Z [Modules] Streaming discord_desktop_core@1 to /home/karol/.config/discord/0.0.79/modules/pending/discord_desktop_core-1.zip: 6%
2025-01-13T17:54:10.963Z [Modules] Streaming discord_desktop_core@1 to /home/karol/.config/discord/0.0.79/modules/pending/discord_desktop_core-1.zip: 7%
2025-01-13T17:54:10.966Z [Modules] Streaming discord_desktop_core@1 to /home/karol/.config/discord/0.0.79/modules/pending/discord_desktop_core-1.zip: 10%
2025-01-13T17:54:10.969Z [Modules] Streaming discord_desktop_core@1 to /home/karol/.config/discord/0.0.79/modules/pending/discord_desktop_core-1.zip: 12%
2025-01-13T17:54:10.970Z [Modules] Streaming discord_desktop_core@1 to /home/karol/.config/discord/0.0.79/modules/pending/discord_desktop_core-1.zip: 15%
2025-01-13T17:54:10.971Z [Modules] Streaming discord_desktop_core@1 to /home/karol/.config/discord/0.0.79/modules/pending/discord_desktop_core-1.zip: 16%
2025-01-13T17:54:10.972Z [Modules] Streaming discord_desktop_core@1 to /home/karol/.config/discord/0.0.79/modules/pending/discord_desktop_core-1.zip: 19%
2025-01-13T17:54:10.973Z [Modules] Streaming discord_desktop_core@1 to /home/karol/.config/discord/0.0.79/modules/pending/discord_desktop_core-1.zip: 20%
2025-01-13T17:54:10.974Z [Modules] Streaming discord_desktop_core@1 to /home/karol/.config/discord/0.0.79/modules/pending/discord_desktop_core-1.zip: 23%
2025-01-13T17:54:10.975Z [Modules] Streaming discord_desktop_core@1 to /home/karol/.config/discord/0.0.79/modules/pending/discord_desktop_core-1.zip: 24%
2025-01-13T17:54:10.976Z [Modules] Streaming discord_desktop_core@1 to /home/karol/.config/discord/0.0.79/modules/pending/discord_desktop_core-1.zip: 27%
2025-01-13T17:54:10.977Z [Modules] Streaming discord_desktop_core@1 to /home/karol/.config/discord/0.0.79/modules/pending/discord_desktop_core-1.zip: 29%
2025-01-13T17:54:10.978Z [Modules] Streaming discord_desktop_core@1 to /home/karol/.config/discord/0.0.79/modules/pending/discord_desktop_core-1.zip: 33%
2025-01-13T17:54:10.979Z [Modules] Streaming discord_desktop_core@1 to /home/karol/.config/discord/0.0.79/modules/pending/discord_desktop_core-1.zip: 36%
2025-01-13T17:54:10.980Z [Modules] Streaming discord_desktop_core@1 to /home/karol/.config/discord/0.0.79/modules/pending/discord_desktop_core-1.zip: 37%
2025-01-13T17:54:10.981Z [Modules] Streaming discord_desktop_core@1 to /home/karol/.config/discord/0.0.79/modules/pending/discord_desktop_core-1.zip: 39%
2025-01-13T17:54:10.982Z [Modules] Streaming discord_desktop_core@1 to /home/karol/.config/discord/0.0.79/modules/pending/discord_desktop_core-1.zip: 42%
2025-01-13T17:54:10.983Z [Modules] Streaming discord_desktop_core@1 to /home/karol/.config/discord/0.0.79/modules/pending/discord_desktop_core-1.zip: 44%
2025-01-13T17:54:10.984Z [Modules] Streaming discord_desktop_core@1 to /home/karol/.config/discord/0.0.79/modules/pending/discord_desktop_core-1.zip: 47%
2025-01-13T17:54:10.985Z [Modules] Streaming discord_desktop_core@1 to /home/karol/.config/discord/0.0.79/modules/pending/discord_desktop_core-1.zip: 49%
2025-01-13T17:54:10.986Z [Modules] Streaming discord_desktop_core@1 to /home/karol/.config/discord/0.0.79/modules/pending/discord_desktop_core-1.zip: 52%
2025-01-13T17:54:10.987Z [Modules] Streaming discord_desktop_core@1 to /home/karol/.config/discord/0.0.79/modules/pending/discord_desktop_core-1.zip: 55%
2025-01-13T17:54:10.988Z [Modules] Streaming discord_desktop_core@1 to /home/karol/.config/discord/0.0.79/modules/pending/discord_desktop_core-1.zip: 58%
2025-01-13T17:54:10.989Z [Modules] Streaming discord_desktop_core@1 to /home/karol/.config/discord/0.0.79/modules/pending/discord_desktop_core-1.zip: 64%
2025-01-13T17:54:10.990Z [Modules] Streaming discord_desktop_core@1 to /home/karol/.config/discord/0.0.79/modules/pending/discord_desktop_core-1.zip: 67%
2025-01-13T17:54:10.991Z [Modules] Streaming discord_desktop_core@1 to /home/karol/.config/discord/0.0.79/modules/pending/discord_desktop_core-1.zip: 72%
2025-01-13T17:54:10.993Z [Modules] Streaming discord_desktop_core@1 to /home/karol/.config/discord/0.0.79/modules/pending/discord_desktop_core-1.zip: 78%
2025-01-13T17:54:10.994Z [Modules] Streaming discord_desktop_core@1 to /home/karol/.config/discord/0.0.79/modules/pending/discord_desktop_core-1.zip: 81%
2025-01-13T17:54:10.995Z [Modules] Streaming discord_desktop_core@1 to /home/karol/.config/discord/0.0.79/modules/pending/discord_desktop_core-1.zip: 84%
2025-01-13T17:54:10.996Z [Modules] Streaming discord_desktop_core@1 to /home/karol/.config/discord/0.0.79/modules/pending/discord_desktop_core-1.zip: 91%
2025-01-13T17:54:11.000Z [Modules] Streaming discord_desktop_core@1 to /home/karol/.config/discord/0.0.79/modules/pending/discord_desktop_core-1.zip: 92%
2025-01-13T17:54:11.001Z [Modules] Streaming discord_desktop_core@1 to /home/karol/.config/discord/0.0.79/modules/pending/discord_desktop_core-1.zip: 100%
2025-01-13T17:54:11.003Z [Modules] Fetching discord_erlpack@1 from https://discord.com/api/modules/stable/discord_erlpack/1
2025-01-13T17:54:11.003Z [Modules] Streaming discord_erlpack@1 to /home/karol/.config/discord/0.0.79/modules/pending/discord_erlpack-1.zip
2025-01-13T17:54:11.231Z [Modules] Streaming discord_erlpack@1 to /home/karol/.config/discord/0.0.79/modules/pending/discord_erlpack-1.zip: 6%
2025-01-13T17:54:11.232Z [Modules] Streaming discord_erlpack@1 to /home/karol/.config/discord/0.0.79/modules/pending/discord_erlpack-1.zip: 14%
2025-01-13T17:54:11.234Z [Modules] Streaming discord_erlpack@1 to /home/karol/.config/discord/0.0.79/modules/pending/discord_erlpack-1.zip: 17%
2025-01-13T17:54:11.237Z [Modules] Streaming discord_erlpack@1 to /home/karol/.config/discord/0.0.79/modules/pending/discord_erlpack-1.zip: 20%
2025-01-13T17:54:11.240Z [Modules] Streaming discord_erlpack@1 to /home/karol/.config/discord/0.0.79/modules/pending/discord_erlpack-1.zip: 25%
2025-01-13T17:54:11.244Z [Modules] Streaming discord_erlpack@1 to /home/karol/.config/discord/0.0.79/modules/pending/discord_erlpack-1.zip: 37%
2025-01-13T17:54:11.247Z [Modules] Streaming discord_erlpack@1 to /home/karol/.config/discord/0.0.79/modules/pending/discord_erlpack-1.zip: 49%
2025-01-13T17:54:11.249Z [Modules] Streaming discord_erlpack@1 to /home/karol/.config/discord/0.0.79/modules/pending/discord_erlpack-1.zip: 59%
2025-01-13T17:54:11.252Z [Modules] Streaming discord_erlpack@1 to /home/karol/.config/discord/0.0.79/modules/pending/discord_erlpack-1.zip: 68%
2025-01-13T17:54:11.255Z [Modules] Streaming discord_erlpack@1 to /home/karol/.config/discord/0.0.79/modules/pending/discord_erlpack-1.zip: 77%
2025-01-13T17:54:11.256Z [Modules] Streaming discord_erlpack@1 to /home/karol/.config/discord/0.0.79/modules/pending/discord_erlpack-1.zip: 80%
2025-01-13T17:54:11.257Z [Modules] Streaming discord_erlpack@1 to /home/karol/.config/discord/0.0.79/modules/pending/discord_erlpack-1.zip: 83%
2025-01-13T17:54:11.259Z [Modules] Streaming discord_erlpack@1 to /home/karol/.config/discord/0.0.79/modules/pending/discord_erlpack-1.zip: 89%
2025-01-13T17:54:11.260Z [Modules] Streaming discord_erlpack@1 to /home/karol/.config/discord/0.0.79/modules/pending/discord_erlpack-1.zip: 92%
2025-01-13T17:54:11.261Z [Modules] Streaming discord_erlpack@1 to /home/karol/.config/discord/0.0.79/modules/pending/discord_erlpack-1.zip: 95%
2025-01-13T17:54:11.262Z [Modules] Streaming discord_erlpack@1 to /home/karol/.config/discord/0.0.79/modules/pending/discord_erlpack-1.zip: 96%
2025-01-13T17:54:11.263Z [Modules] Streaming discord_erlpack@1 to /home/karol/.config/discord/0.0.79/modules/pending/discord_erlpack-1.zip: 100%
2025-01-13T17:54:11.265Z [Modules] Fetching discord_spellcheck@1 from https://discord.com/api/modules/stable/discord_spellcheck/1
2025-01-13T17:54:11.265Z [Modules] Streaming discord_spellcheck@1 to /home/karol/.config/discord/0.0.79/modules/pending/discord_spellcheck-1.zip
2025-01-13T17:54:11.495Z [Modules] Streaming discord_spellcheck@1 to /home/karol/.config/discord/0.0.79/modules/pending/discord_spellcheck-1.zip: 1%
2025-01-13T17:54:11.501Z [Modules] Streaming discord_spellcheck@1 to /home/karol/.config/discord/0.0.79/modules/pending/discord_spellcheck-1.zip: 2%
2025-01-13T17:54:11.510Z [Modules] Streaming discord_spellcheck@1 to /home/karol/.config/discord/0.0.79/modules/pending/discord_spellcheck-1.zip: 3%
2025-01-13T17:54:11.516Z [Modules] Streaming discord_spellcheck@1 to /home/karol/.config/discord/0.0.79/modules/pending/discord_spellcheck-1.zip: 4%
2025-01-13T17:54:11.520Z [Modules] Streaming discord_spellcheck@1 to /home/karol/.config/discord/0.0.79/modules/pending/discord_spellcheck-1.zip: 5%
2025-01-13T17:54:11.525Z [Modules] Streaming discord_spellcheck@1 to /home/karol/.config/discord/0.0.79/modules/pending/discord_spellcheck-1.zip: 6%
2025-01-13T17:54:11.529Z [Modules] Streaming discord_spellcheck@1 to /home/karol/.config/discord/0.0.79/modules/pending/discord_spellcheck-1.zip: 7%
2025-01-13T17:54:11.531Z [Modules] Streaming discord_spellcheck@1 to /home/karol/.config/discord/0.0.79/modules/pending/discord_spellcheck-1.zip: 8%
2025-01-13T17:54:11.537Z [Modules] Streaming discord_spellcheck@1 to /home/karol/.config/discord/0.0.79/modules/pending/discord_spellcheck-1.zip: 9%
2025-01-13T17:54:11.540Z [Modules] Streaming discord_spellcheck@1 to /home/karol/.config/discord/0.0.79/modules/pending/discord_spellcheck-1.zip: 10%
2025-01-13T17:54:11.548Z [Modules] Streaming discord_spellcheck@1 to /home/karol/.config/discord/0.0.79/modules/pending/discord_spellcheck-1.zip: 11%
2025-01-13T17:54:11.555Z [Modules] Streaming discord_spellcheck@1 to /home/karol/.config/discord/0.0.79/modules/pending/discord_spellcheck-1.zip: 12%
2025-01-13T17:54:11.557Z [Modules] Streaming discord_spellcheck@1 to /home/karol/.config/discord/0.0.79/modules/pending/discord_spellcheck-1.zip: 13%
2025-01-13T17:54:11.562Z [Modules] Streaming discord_spellcheck@1 to /home/karol/.config/discord/0.0.79/modules/pending/discord_spellcheck-1.zip: 14%
2025-01-13T17:54:11.564Z [Modules] Streaming discord_spellcheck@1 to /home/karol/.config/discord/0.0.79/modules/pending/discord_spellcheck-1.zip: 15%
2025-01-13T17:54:11.570Z [Modules] Streaming discord_spellcheck@1 to /home/karol/.config/discord/0.0.79/modules/pending/discord_spellcheck-1.zip: 16%
2025-01-13T17:54:11.573Z [Modules] Streaming discord_spellcheck@1 to /home/karol/.config/discord/0.0.79/modules/pending/discord_spellcheck-1.zip: 17%
2025-01-13T17:54:11.579Z [Modules] Streaming discord_spellcheck@1 to /home/karol/.config/discord/0.0.79/modules/pending/discord_spellcheck-1.zip: 18%
2025-01-13T17:54:11.579Z [Modules] Streaming discord_spellcheck@1 to /home/karol/.config/discord/0.0.79/modules/pending/discord_spellcheck-1.zip: 19%
2025-01-13T17:54:11.581Z [Modules] Streaming discord_spellcheck@1 to /home/karol/.config/discord/0.0.79/modules/pending/discord_spellcheck-1.zip: 20%
2025-01-13T17:54:11.586Z [Modules] Streaming discord_spellcheck@1 to /home/karol/.config/discord/0.0.79/modules/pending/discord_spellcheck-1.zip: 21%
2025-01-13T17:54:11.588Z [Modules] Streaming discord_spellcheck@1 to /home/karol/.config/discord/0.0.79/modules/pending/discord_spellcheck-1.zip: 22%
2025-01-13T17:54:11.589Z [Modules] Streaming discord_spellcheck@1 to /home/karol/.config/discord/0.0.79/modules/pending/discord_spellcheck-1.zip: 23%
2025-01-13T17:54:11.595Z [Modules] Streaming discord_spellcheck@1 to /home/karol/.config/discord/0.0.79/modules/pending/discord_spellcheck-1.zip: 24%
2025-01-13T17:54:11.597Z [Modules] Streaming discord_spellcheck@1 to /home/karol/.config/discord/0.0.79/modules/pending/discord_spellcheck-1.zip: 25%
2025-01-13T17:54:11.598Z [Modules] Streaming discord_spellcheck@1 to /home/karol/.config/discord/0.0.79/modules/pending/discord_spellcheck-1.zip: 26%
2025-01-13T17:54:11.598Z [Modules] Streaming discord_spellcheck@1 to /home/karol/.config/discord/0.0.79/modules/pending/discord_spellcheck-1.zip: 27%
2025-01-13T17:54:11.606Z [Modules] Streaming discord_spellcheck@1 to /home/karol/.config/discord/0.0.79/modules/pending/discord_spellcheck-1.zip: 28%
2025-01-13T17:54:11.608Z [Modules] Streaming discord_spellcheck@1 to /home/karol/.config/discord/0.0.79/modules/pending/discord_spellcheck-1.zip: 29%
2025-01-13T17:54:11.610Z [Modules] Streaming discord_spellcheck@1 to /home/karol/.config/discord/0.0.79/modules/pending/discord_spellcheck-1.zip: 31%
2025-01-13T17:54:11.612Z [Modules] Streaming discord_spellcheck@1 to /home/karol/.config/discord/0.0.79/modules/pending/discord_spellcheck-1.zip: 32%
2025-01-13T17:54:11.618Z [Modules] Streaming discord_spellcheck@1 to /home/karol/.config/discord/0.0.79/modules/pending/discord_spellcheck-1.zip: 33%
2025-01-13T17:54:11.620Z [Modules] Streaming discord_spellcheck@1 to /home/karol/.config/discord/0.0.79/modules/pending/discord_spellcheck-1.zip: 34%
2025-01-13T17:54:11.621Z [Modules] Streaming discord_spellcheck@1 to /home/karol/.config/discord/0.0.79/modules/pending/discord_spellcheck-1.zip: 35%
2025-01-13T17:54:11.623Z [Modules] Streaming discord_spellcheck@1 to /home/karol/.config/discord/0.0.79/modules/pending/discord_spellcheck-1.zip: 36%
2025-01-13T17:54:11.624Z [Modules] Streaming discord_spellcheck@1 to /home/karol/.config/discord/0.0.79/modules/pending/discord_spellcheck-1.zip: 37%
2025-01-13T17:54:11.625Z [Modules] Streaming discord_spellcheck@1 to /home/karol/.config/discord/0.0.79/modules/pending/discord_spellcheck-1.zip: 38%
2025-01-13T17:54:11.631Z [Modules] Streaming discord_spellcheck@1 to /home/karol/.config/discord/0.0.79/modules/pending/discord_spellcheck-1.zip: 39%
2025-01-13T17:54:11.633Z [Modules] Streaming discord_spellcheck@1 to /home/karol/.config/discord/0.0.79/modules/pending/discord_spellcheck-1.zip: 40%
2025-01-13T17:54:11.636Z [Modules] Streaming discord_spellcheck@1 to /home/karol/.config/discord/0.0.79/modules/pending/discord_spellcheck-1.zip: 41%
2025-01-13T17:54:11.637Z [Modules] Streaming discord_spellcheck@1 to /home/karol/.config/discord/0.0.79/modules/pending/discord_spellcheck-1.zip: 42%
2025-01-13T17:54:11.645Z [Modules] Streaming discord_spellcheck@1 to /home/karol/.config/discord/0.0.79/modules/pending/discord_spellcheck-1.zip: 43%
2025-01-13T17:54:11.647Z [Modules] Streaming discord_spellcheck@1 to /home/karol/.config/discord/0.0.79/modules/pending/discord_spellcheck-1.zip: 44%
2025-01-13T17:54:11.648Z [Modules] Streaming discord_spellcheck@1 to /home/karol/.config/discord/0.0.79/modules/pending/discord_spellcheck-1.zip: 45%
2025-01-13T17:54:11.657Z [Modules] Streaming discord_spellcheck@1 to /home/karol/.config/discord/0.0.79/modules/pending/discord_spellcheck-1.zip: 46%
2025-01-13T17:54:11.659Z [Modules] Streaming discord_spellcheck@1 to /home/karol/.config/discord/0.0.79/modules/pending/discord_spellcheck-1.zip: 47%
2025-01-13T17:54:11.662Z [Modules] Streaming discord_spellcheck@1 to /home/karol/.config/discord/0.0.79/modules/pending/discord_spellcheck-1.zip: 48%
2025-01-13T17:54:11.664Z [Modules] Streaming discord_spellcheck@1 to /home/karol/.config/discord/0.0.79/modules/pending/discord_spellcheck-1.zip: 50%
2025-01-13T17:54:11.665Z [Modules] Streaming discord_spellcheck@1 to /home/karol/.config/discord/0.0.79/modules/pending/discord_spellcheck-1.zip: 51%
2025-01-13T17:54:11.666Z [Modules] Streaming discord_spellcheck@1 to /home/karol/.config/discord/0.0.79/modules/pending/discord_spellcheck-1.zip: 52%
2025-01-13T17:54:11.668Z [Modules] Streaming discord_spellcheck@1 to /home/karol/.config/discord/0.0.79/modules/pending/discord_spellcheck-1.zip: 53%
2025-01-13T17:54:11.669Z [Modules] Streaming discord_spellcheck@1 to /home/karol/.config/discord/0.0.79/modules/pending/discord_spellcheck-1.zip: 54%
2025-01-13T17:54:11.671Z [Modules] Streaming discord_spellcheck@1 to /home/karol/.config/discord/0.0.79/modules/pending/discord_spellcheck-1.zip: 55%
2025-01-13T17:54:11.672Z [Modules] Streaming discord_spellcheck@1 to /home/karol/.config/discord/0.0.79/modules/pending/discord_spellcheck-1.zip: 57%
2025-01-13T17:54:11.678Z [Modules] Streaming discord_spellcheck@1 to /home/karol/.config/discord/0.0.79/modules/pending/discord_spellcheck-1.zip: 58%
2025-01-13T17:54:11.680Z [Modules] Streaming discord_spellcheck@1 to /home/karol/.config/discord/0.0.79/modules/pending/discord_spellcheck-1.zip: 59%
2025-01-13T17:54:11.681Z [Modules] Streaming discord_spellcheck@1 to /home/karol/.config/discord/0.0.79/modules/pending/discord_spellcheck-1.zip: 60%
2025-01-13T17:54:11.686Z [Modules] Streaming discord_spellcheck@1 to /home/karol/.config/discord/0.0.79/modules/pending/discord_spellcheck-1.zip: 61%
2025-01-13T17:54:11.688Z [Modules] Streaming discord_spellcheck@1 to /home/karol/.config/discord/0.0.79/modules/pending/discord_spellcheck-1.zip: 62%
2025-01-13T17:54:11.690Z [Modules] Streaming discord_spellcheck@1 to /home/karol/.config/discord/0.0.79/modules/pending/discord_spellcheck-1.zip: 63%
2025-01-13T17:54:11.691Z [Modules] Streaming discord_spellcheck@1 to /home/karol/.config/discord/0.0.79/modules/pending/discord_spellcheck-1.zip: 64%
2025-01-13T17:54:11.692Z [Modules] Streaming discord_spellcheck@1 to /home/karol/.config/discord/0.0.79/modules/pending/discord_spellcheck-1.zip: 65%
2025-01-13T17:54:11.701Z [Modules] Streaming discord_spellcheck@1 to /home/karol/.config/discord/0.0.79/modules/pending/discord_spellcheck-1.zip: 66%
2025-01-13T17:54:11.703Z [Modules] Streaming discord_spellcheck@1 to /home/karol/.config/discord/0.0.79/modules/pending/discord_spellcheck-1.zip: 67%
2025-01-13T17:54:11.704Z [Modules] Streaming discord_spellcheck@1 to /home/karol/.config/discord/0.0.79/modules/pending/discord_spellcheck-1.zip: 68%
2025-01-13T17:54:11.706Z [Modules] Streaming discord_spellcheck@1 to /home/karol/.config/discord/0.0.79/modules/pending/discord_spellcheck-1.zip: 69%
2025-01-13T17:54:11.707Z [Modules] Streaming discord_spellcheck@1 to /home/karol/.config/discord/0.0.79/modules/pending/discord_spellcheck-1.zip: 71%
2025-01-13T17:54:11.708Z [Modules] Streaming discord_spellcheck@1 to /home/karol/.config/discord/0.0.79/modules/pending/discord_spellcheck-1.zip: 72%
2025-01-13T17:54:11.713Z [Modules] Streaming discord_spellcheck@1 to /home/karol/.config/discord/0.0.79/modules/pending/discord_spellcheck-1.zip: 73%
2025-01-13T17:54:11.715Z [Modules] Streaming discord_spellcheck@1 to /home/karol/.config/discord/0.0.79/modules/pending/discord_spellcheck-1.zip: 74%
2025-01-13T17:54:11.717Z [Modules] Streaming discord_spellcheck@1 to /home/karol/.config/discord/0.0.79/modules/pending/discord_spellcheck-1.zip: 75%
2025-01-13T17:54:11.718Z [Modules] Streaming discord_spellcheck@1 to /home/karol/.config/discord/0.0.79/modules/pending/discord_spellcheck-1.zip: 76%
2025-01-13T17:54:11.719Z [Modules] Streaming discord_spellcheck@1 to /home/karol/.config/discord/0.0.79/modules/pending/discord_spellcheck-1.zip: 77%
2025-01-13T17:54:11.720Z [Modules] Streaming discord_spellcheck@1 to /home/karol/.config/discord/0.0.79/modules/pending/discord_spellcheck-1.zip: 78%
2025-01-13T17:54:11.727Z [Modules] Streaming discord_spellcheck@1 to /home/karol/.config/discord/0.0.79/modules/pending/discord_spellcheck-1.zip: 79%
2025-01-13T17:54:11.728Z [Modules] Streaming discord_spellcheck@1 to /home/karol/.config/discord/0.0.79/modules/pending/discord_spellcheck-1.zip: 80%
2025-01-13T17:54:11.729Z [Modules] Streaming discord_spellcheck@1 to /home/karol/.config/discord/0.0.79/modules/pending/discord_spellcheck-1.zip: 81%
2025-01-13T17:54:11.731Z [Modules] Streaming discord_spellcheck@1 to /home/karol/.config/discord/0.0.79/modules/pending/discord_spellcheck-1.zip: 82%
2025-01-13T17:54:11.732Z [Modules] Streaming discord_spellcheck@1 to /home/karol/.config/discord/0.0.79/modules/pending/discord_spellcheck-1.zip: 83%
2025-01-13T17:54:11.733Z [Modules] Streaming discord_spellcheck@1 to /home/karol/.config/discord/0.0.79/modules/pending/discord_spellcheck-1.zip: 84%
2025-01-13T17:54:11.734Z [Modules] Streaming discord_spellcheck@1 to /home/karol/.config/discord/0.0.79/modules/pending/discord_spellcheck-1.zip: 86%
2025-01-13T17:54:11.736Z [Modules] Streaming discord_spellcheck@1 to /home/karol/.config/discord/0.0.79/modules/pending/discord_spellcheck-1.zip: 87%
2025-01-13T17:54:11.737Z [Modules] Streaming discord_spellcheck@1 to /home/karol/.config/discord/0.0.79/modules/pending/discord_spellcheck-1.zip: 88%
2025-01-13T17:54:11.744Z [Modules] Streaming discord_spellcheck@1 to /home/karol/.config/discord/0.0.79/modules/pending/discord_spellcheck-1.zip: 89%
2025-01-13T17:54:11.745Z [Modules] Streaming discord_spellcheck@1 to /home/karol/.config/discord/0.0.79/modules/pending/discord_spellcheck-1.zip: 90%
2025-01-13T17:54:11.747Z [Modules] Streaming discord_spellcheck@1 to /home/karol/.config/discord/0.0.79/modules/pending/discord_spellcheck-1.zip: 91%
2025-01-13T17:54:11.748Z [Modules] Streaming discord_spellcheck@1 to /home/karol/.config/discord/0.0.79/modules/pending/discord_spellcheck-1.zip: 92%
2025-01-13T17:54:11.749Z [Modules] Streaming discord_spellcheck@1 to /home/karol/.config/discord/0.0.79/modules/pending/discord_spellcheck-1.zip: 93%
2025-01-13T17:54:11.752Z [Modules] Streaming discord_spellcheck@1 to /home/karol/.config/discord/0.0.79/modules/pending/discord_spellcheck-1.zip: 94%
2025-01-13T17:54:11.753Z [Modules] Streaming discord_spellcheck@1 to /home/karol/.config/discord/0.0.79/modules/pending/discord_spellcheck-1.zip: 95%
2025-01-13T17:54:11.754Z [Modules] Streaming discord_spellcheck@1 to /home/karol/.config/discord/0.0.79/modules/pending/discord_spellcheck-1.zip: 96%
2025-01-13T17:54:11.755Z [Modules] Streaming discord_spellcheck@1 to /home/karol/.config/discord/0.0.79/modules/pending/discord_spellcheck-1.zip: 97%
2025-01-13T17:54:11.757Z [Modules] Streaming discord_spellcheck@1 to /home/karol/.config/discord/0.0.79/modules/pending/discord_spellcheck-1.zip: 99%
2025-01-13T17:54:11.757Z [Modules] Streaming discord_spellcheck@1 to /home/karol/.config/discord/0.0.79/modules/pending/discord_spellcheck-1.zip: 100%
2025-01-13T17:54:11.759Z [Modules] Fetching discord_utils@1 from https://discord.com/api/modules/stable/discord_utils/1
2025-01-13T17:54:11.759Z [Modules] Streaming discord_utils@1 to /home/karol/.config/discord/0.0.79/modules/pending/discord_utils-1.zip
2025-01-13T17:54:11.999Z [Modules] Streaming discord_utils@1 to /home/karol/.config/discord/0.0.79/modules/pending/discord_utils-1.zip: 1%
2025-01-13T17:54:12.001Z [Modules] Streaming discord_utils@1 to /home/karol/.config/discord/0.0.79/modules/pending/discord_utils-1.zip: 2%
2025-01-13T17:54:12.002Z [Modules] Streaming discord_utils@1 to /home/karol/.config/discord/0.0.79/modules/pending/discord_utils-1.zip: 4%
2025-01-13T17:54:12.004Z [Modules] Streaming discord_utils@1 to /home/karol/.config/discord/0.0.79/modules/pending/discord_utils-1.zip: 7%
2025-01-13T17:54:12.006Z [Modules] Streaming discord_utils@1 to /home/karol/.config/discord/0.0.79/modules/pending/discord_utils-1.zip: 8%
2025-01-13T17:54:12.017Z [Modules] Streaming discord_utils@1 to /home/karol/.config/discord/0.0.79/modules/pending/discord_utils-1.zip: 9%
2025-01-13T17:54:12.020Z [Modules] Streaming discord_utils@1 to /home/karol/.config/discord/0.0.79/modules/pending/discord_utils-1.zip: 10%
2025-01-13T17:54:12.020Z [Modules] Streaming discord_utils@1 to /home/karol/.config/discord/0.0.79/modules/pending/discord_utils-1.zip: 12%
2025-01-13T17:54:12.022Z [Modules] Streaming discord_utils@1 to /home/karol/.config/discord/0.0.79/modules/pending/discord_utils-1.zip: 14%
2025-01-13T17:54:12.024Z [Modules] Streaming discord_utils@1 to /home/karol/.config/discord/0.0.79/modules/pending/discord_utils-1.zip: 15%
2025-01-13T17:54:12.026Z [Modules] Streaming discord_utils@1 to /home/karol/.config/discord/0.0.79/modules/pending/discord_utils-1.zip: 19%
2025-01-13T17:54:12.029Z [Modules] Streaming discord_utils@1 to /home/karol/.config/discord/0.0.79/modules/pending/discord_utils-1.zip: 21%
2025-01-13T17:54:12.050Z [Modules] Streaming discord_utils@1 to /home/karol/.config/discord/0.0.79/modules/pending/discord_utils-1.zip: 23%
2025-01-13T17:54:12.051Z [Modules] Streaming discord_utils@1 to /home/karol/.config/discord/0.0.79/modules/pending/discord_utils-1.zip: 26%
2025-01-13T17:54:12.054Z [Modules] Streaming discord_utils@1 to /home/karol/.config/discord/0.0.79/modules/pending/discord_utils-1.zip: 40%
2025-01-13T17:54:12.056Z [Modules] Streaming discord_utils@1 to /home/karol/.config/discord/0.0.79/modules/pending/discord_utils-1.zip: 52%
2025-01-13T17:54:12.059Z [Modules] Streaming discord_utils@1 to /home/karol/.config/discord/0.0.79/modules/pending/discord_utils-1.zip: 58%
2025-01-13T17:54:12.062Z [Modules] Streaming discord_utils@1 to /home/karol/.config/discord/0.0.79/modules/pending/discord_utils-1.zip: 71%
2025-01-13T17:54:12.065Z [Modules] Streaming discord_utils@1 to /home/karol/.config/discord/0.0.79/modules/pending/discord_utils-1.zip: 90%
2025-01-13T17:54:12.067Z [Modules] Streaming discord_utils@1 to /home/karol/.config/discord/0.0.79/modules/pending/discord_utils-1.zip: 95%
2025-01-13T17:54:12.069Z [Modules] Streaming discord_utils@1 to /home/karol/.config/discord/0.0.79/modules/pending/discord_utils-1.zip: 98%
2025-01-13T17:54:12.071Z [Modules] Streaming discord_utils@1 to /home/karol/.config/discord/0.0.79/modules/pending/discord_utils-1.zip: 100%
2025-01-13T17:54:12.076Z [Modules] Fetching discord_voice@1 from https://discord.com/api/modules/stable/discord_voice/1
2025-01-13T17:54:12.076Z [Modules] Streaming discord_voice@1 to /home/karol/.config/discord/0.0.79/modules/pending/discord_voice-1.zip
2025-01-13T17:54:12.320Z [Modules] Streaming discord_voice@1 to /home/karol/.config/discord/0.0.79/modules/pending/discord_voice-1.zip: 1%
2025-01-13T17:54:12.325Z [Modules] Streaming discord_voice@1 to /home/karol/.config/discord/0.0.79/modules/pending/discord_voice-1.zip: 2%
2025-01-13T17:54:12.334Z [Modules] Streaming discord_voice@1 to /home/karol/.config/discord/0.0.79/modules/pending/discord_voice-1.zip: 3%
2025-01-13T17:54:12.336Z [Modules] Streaming discord_voice@1 to /home/karol/.config/discord/0.0.79/modules/pending/discord_voice-1.zip: 4%
2025-01-13T17:54:12.348Z [Modules] Streaming discord_voice@1 to /home/karol/.config/discord/0.0.79/modules/pending/discord_voice-1.zip: 5%
2025-01-13T17:54:12.356Z [Modules] Streaming discord_voice@1 to /home/karol/.config/discord/0.0.79/modules/pending/discord_voice-1.zip: 6%
2025-01-13T17:54:12.378Z [Modules] Streaming discord_voice@1 to /home/karol/.config/discord/0.0.79/modules/pending/discord_voice-1.zip: 7%
2025-01-13T17:54:12.387Z [Modules] Streaming discord_voice@1 to /home/karol/.config/discord/0.0.79/modules/pending/discord_voice-1.zip: 8%
2025-01-13T17:54:12.401Z [Modules] Streaming discord_voice@1 to /home/karol/.config/discord/0.0.79/modules/pending/discord_voice-1.zip: 9%
2025-01-13T17:54:12.406Z [Modules] Streaming discord_voice@1 to /home/karol/.config/discord/0.0.79/modules/pending/discord_voice-1.zip: 10%
2025-01-13T17:54:12.411Z [Modules] Streaming discord_voice@1 to /home/karol/.config/discord/0.0.79/modules/pending/discord_voice-1.zip: 11%
2025-01-13T17:54:12.419Z [Modules] Streaming discord_voice@1 to /home/karol/.config/discord/0.0.79/modules/pending/discord_voice-1.zip: 12%
2025-01-13T17:54:12.430Z [Modules] Streaming discord_voice@1 to /home/karol/.config/discord/0.0.79/modules/pending/discord_voice-1.zip: 13%
2025-01-13T17:54:12.433Z [Modules] Streaming discord_voice@1 to /home/karol/.config/discord/0.0.79/modules/pending/discord_voice-1.zip: 14%
2025-01-13T17:54:12.438Z [Modules] Streaming discord_voice@1 to /home/karol/.config/discord/0.0.79/modules/pending/discord_voice-1.zip: 15%
2025-01-13T17:54:12.448Z [Modules] Streaming discord_voice@1 to /home/karol/.config/discord/0.0.79/modules/pending/discord_voice-1.zip: 16%
2025-01-13T17:54:12.450Z [Modules] Streaming discord_voice@1 to /home/karol/.config/discord/0.0.79/modules/pending/discord_voice-1.zip: 17%
2025-01-13T17:54:12.452Z [Modules] Streaming discord_voice@1 to /home/karol/.config/discord/0.0.79/modules/pending/discord_voice-1.zip: 18%
2025-01-13T17:54:12.457Z [Modules] Streaming discord_voice@1 to /home/karol/.config/discord/0.0.79/modules/pending/discord_voice-1.zip: 19%
2025-01-13T17:54:12.460Z [Modules] Streaming discord_voice@1 to /home/karol/.config/discord/0.0.79/modules/pending/discord_voice-1.zip: 20%
2025-01-13T17:54:12.464Z [Modules] Streaming discord_voice@1 to /home/karol/.config/discord/0.0.79/modules/pending/discord_voice-1.zip: 21%
2025-01-13T17:54:12.469Z [Modules] Streaming discord_voice@1 to /home/karol/.config/discord/0.0.79/modules/pending/discord_voice-1.zip: 22%
2025-01-13T17:54:12.471Z [Modules] Streaming discord_voice@1 to /home/karol/.config/discord/0.0.79/modules/pending/discord_voice-1.zip: 23%
2025-01-13T17:54:12.474Z [Modules] Streaming discord_voice@1 to /home/karol/.config/discord/0.0.79/modules/pending/discord_voice-1.zip: 24%
2025-01-13T17:54:12.477Z [Modules] Streaming discord_voice@1 to /home/karol/.config/discord/0.0.79/modules/pending/discord_voice-1.zip: 25%
2025-01-13T17:54:12.480Z [Modules] Streaming discord_voice@1 to /home/karol/.config/discord/0.0.79/modules/pending/discord_voice-1.zip: 26%
2025-01-13T17:54:12.482Z [Modules] Streaming discord_voice@1 to /home/karol/.config/discord/0.0.79/modules/pending/discord_voice-1.zip: 27%
2025-01-13T17:54:12.485Z [Modules] Streaming discord_voice@1 to /home/karol/.config/discord/0.0.79/modules/pending/discord_voice-1.zip: 28%
2025-01-13T17:54:12.493Z [Modules] Streaming discord_voice@1 to /home/karol/.config/discord/0.0.79/modules/pending/discord_voice-1.zip: 29%
2025-01-13T17:54:12.495Z [Modules] Streaming discord_voice@1 to /home/karol/.config/discord/0.0.79/modules/pending/discord_voice-1.zip: 30%
2025-01-13T17:54:12.500Z [Modules] Streaming discord_voice@1 to /home/karol/.config/discord/0.0.79/modules/pending/discord_voice-1.zip: 31%
2025-01-13T17:54:12.505Z [Modules] Streaming discord_voice@1 to /home/karol/.config/discord/0.0.79/modules/pending/discord_voice-1.zip: 32%
2025-01-13T17:54:12.510Z [Modules] Streaming discord_voice@1 to /home/karol/.config/discord/0.0.79/modules/pending/discord_voice-1.zip: 33%
2025-01-13T17:54:12.514Z [Modules] Streaming discord_voice@1 to /home/karol/.config/discord/0.0.79/modules/pending/discord_voice-1.zip: 34%
2025-01-13T17:54:12.517Z [Modules] Streaming discord_voice@1 to /home/karol/.config/discord/0.0.79/modules/pending/discord_voice-1.zip: 35%
2025-01-13T17:54:12.520Z [Modules] Streaming discord_voice@1 to /home/karol/.config/discord/0.0.79/modules/pending/discord_voice-1.zip: 36%
2025-01-13T17:54:12.522Z [Modules] Streaming discord_voice@1 to /home/karol/.config/discord/0.0.79/modules/pending/discord_voice-1.zip: 37%
2025-01-13T17:54:12.526Z [Modules] Streaming discord_voice@1 to /home/karol/.config/discord/0.0.79/modules/pending/discord_voice-1.zip: 38%
2025-01-13T17:54:12.531Z [Modules] Streaming discord_voice@1 to /home/karol/.config/discord/0.0.79/modules/pending/discord_voice-1.zip: 39%
2025-01-13T17:54:12.534Z [Modules] Streaming discord_voice@1 to /home/karol/.config/discord/0.0.79/modules/pending/discord_voice-1.zip: 40%
2025-01-13T17:54:12.538Z [Modules] Streaming discord_voice@1 to /home/karol/.config/discord/0.0.79/modules/pending/discord_voice-1.zip: 41%
2025-01-13T17:54:12.541Z [Modules] Streaming discord_voice@1 to /home/karol/.config/discord/0.0.79/modules/pending/discord_voice-1.zip: 42%
2025-01-13T17:54:12.545Z [Modules] Streaming discord_voice@1 to /home/karol/.config/discord/0.0.79/modules/pending/discord_voice-1.zip: 43%
2025-01-13T17:54:12.548Z [Modules] Streaming discord_voice@1 to /home/karol/.config/discord/0.0.79/modules/pending/discord_voice-1.zip: 44%
2025-01-13T17:54:12.552Z [Modules] Streaming discord_voice@1 to /home/karol/.config/discord/0.0.79/modules/pending/discord_voice-1.zip: 45%
2025-01-13T17:54:12.557Z [Modules] Streaming discord_voice@1 to /home/karol/.config/discord/0.0.79/modules/pending/discord_voice-1.zip: 46%
2025-01-13T17:54:12.559Z [Modules] Streaming discord_voice@1 to /home/karol/.config/discord/0.0.79/modules/pending/discord_voice-1.zip: 47%
2025-01-13T17:54:12.564Z [Modules] Streaming discord_voice@1 to /home/karol/.config/discord/0.0.79/modules/pending/discord_voice-1.zip: 48%
2025-01-13T17:54:12.571Z [Modules] Streaming discord_voice@1 to /home/karol/.config/discord/0.0.79/modules/pending/discord_voice-1.zip: 49%
2025-01-13T17:54:12.575Z [Modules] Streaming discord_voice@1 to /home/karol/.config/discord/0.0.79/modules/pending/discord_voice-1.zip: 50%
2025-01-13T17:54:12.581Z [Modules] Streaming discord_voice@1 to /home/karol/.config/discord/0.0.79/modules/pending/discord_voice-1.zip: 51%
2025-01-13T17:54:12.583Z [Modules] Streaming discord_voice@1 to /home/karol/.config/discord/0.0.79/modules/pending/discord_voice-1.zip: 52%
2025-01-13T17:54:12.587Z [Modules] Streaming discord_voice@1 to /home/karol/.config/discord/0.0.79/modules/pending/discord_voice-1.zip: 53%
2025-01-13T17:54:12.589Z [Modules] Streaming discord_voice@1 to /home/karol/.config/discord/0.0.79/modules/pending/discord_voice-1.zip: 54%
2025-01-13T17:54:12.595Z [Modules] Streaming discord_voice@1 to /home/karol/.config/discord/0.0.79/modules/pending/discord_voice-1.zip: 55%
2025-01-13T17:54:12.598Z [Modules] Streaming discord_voice@1 to /home/karol/.config/discord/0.0.79/modules/pending/discord_voice-1.zip: 56%
2025-01-13T17:54:12.602Z [Modules] Streaming discord_voice@1 to /home/karol/.config/discord/0.0.79/modules/pending/discord_voice-1.zip: 57%
2025-01-13T17:54:12.606Z [Modules] Streaming discord_voice@1 to /home/karol/.config/discord/0.0.79/modules/pending/discord_voice-1.zip: 58%
2025-01-13T17:54:12.610Z [Modules] Streaming discord_voice@1 to /home/karol/.config/discord/0.0.79/modules/pending/discord_voice-1.zip: 59%
2025-01-13T17:54:12.615Z [Modules] Streaming discord_voice@1 to /home/karol/.config/discord/0.0.79/modules/pending/discord_voice-1.zip: 60%
2025-01-13T17:54:12.628Z [Modules] Streaming discord_voice@1 to /home/karol/.config/discord/0.0.79/modules/pending/discord_voice-1.zip: 61%
2025-01-13T17:54:12.633Z [Modules] Streaming discord_voice@1 to /home/karol/.config/discord/0.0.79/modules/pending/discord_voice-1.zip: 62%
2025-01-13T17:54:12.637Z [Modules] Streaming discord_voice@1 to /home/karol/.config/discord/0.0.79/modules/pending/discord_voice-1.zip: 63%
2025-01-13T17:54:12.644Z [Modules] Streaming discord_voice@1 to /home/karol/.config/discord/0.0.79/modules/pending/discord_voice-1.zip: 64%
2025-01-13T17:54:12.647Z [Modules] Streaming discord_voice@1 to /home/karol/.config/discord/0.0.79/modules/pending/discord_voice-1.zip: 65%
2025-01-13T17:54:12.649Z [Modules] Streaming discord_voice@1 to /home/karol/.config/discord/0.0.79/modules/pending/discord_voice-1.zip: 66%
2025-01-13T17:54:12.655Z [Modules] Streaming discord_voice@1 to /home/karol/.config/discord/0.0.79/modules/pending/discord_voice-1.zip: 67%
2025-01-13T17:54:12.658Z [Modules] Streaming discord_voice@1 to /home/karol/.config/discord/0.0.79/modules/pending/discord_voice-1.zip: 68%
2025-01-13T17:54:12.660Z [Modules] Streaming discord_voice@1 to /home/karol/.config/discord/0.0.79/modules/pending/discord_voice-1.zip: 69%
2025-01-13T17:54:12.667Z [Modules] Streaming discord_voice@1 to /home/karol/.config/discord/0.0.79/modules/pending/discord_voice-1.zip: 70%
2025-01-13T17:54:12.669Z [Modules] Streaming discord_voice@1 to /home/karol/.config/discord/0.0.79/modules/pending/discord_voice-1.zip: 71%
2025-01-13T17:54:12.673Z [Modules] Streaming discord_voice@1 to /home/karol/.config/discord/0.0.79/modules/pending/discord_voice-1.zip: 72%
2025-01-13T17:54:12.675Z [Modules] Streaming discord_voice@1 to /home/karol/.config/discord/0.0.79/modules/pending/discord_voice-1.zip: 73%
2025-01-13T17:54:12.679Z [Modules] Streaming discord_voice@1 to /home/karol/.config/discord/0.0.79/modules/pending/discord_voice-1.zip: 74%
2025-01-13T17:54:12.681Z [Modules] Streaming discord_voice@1 to /home/karol/.config/discord/0.0.79/modules/pending/discord_voice-1.zip: 75%
2025-01-13T17:54:12.685Z [Modules] Streaming discord_voice@1 to /home/karol/.config/discord/0.0.79/modules/pending/discord_voice-1.zip: 76%
2025-01-13T17:54:12.687Z [Modules] Streaming discord_voice@1 to /home/karol/.config/discord/0.0.79/modules/pending/discord_voice-1.zip: 77%
2025-01-13T17:54:12.692Z [Modules] Streaming discord_voice@1 to /home/karol/.config/discord/0.0.79/modules/pending/discord_voice-1.zip: 78%
2025-01-13T17:54:12.697Z [Modules] Streaming discord_voice@1 to /home/karol/.config/discord/0.0.79/modules/pending/discord_voice-1.zip: 79%
2025-01-13T17:54:12.699Z [Modules] Streaming discord_voice@1 to /home/karol/.config/discord/0.0.79/modules/pending/discord_voice-1.zip: 80%
2025-01-13T17:54:12.701Z [Modules] Streaming discord_voice@1 to /home/karol/.config/discord/0.0.79/modules/pending/discord_voice-1.zip: 81%
2025-01-13T17:54:12.704Z [Modules] Streaming discord_voice@1 to /home/karol/.config/discord/0.0.79/modules/pending/discord_voice-1.zip: 82%
2025-01-13T17:54:12.707Z [Modules] Streaming discord_voice@1 to /home/karol/.config/discord/0.0.79/modules/pending/discord_voice-1.zip: 83%
2025-01-13T17:54:12.710Z [Modules] Streaming discord_voice@1 to /home/karol/.config/discord/0.0.79/modules/pending/discord_voice-1.zip: 84%
2025-01-13T17:54:12.713Z [Modules] Streaming discord_voice@1 to /home/karol/.config/discord/0.0.79/modules/pending/discord_voice-1.zip: 85%
2025-01-13T17:54:12.714Z [Modules] Streaming discord_voice@1 to /home/karol/.config/discord/0.0.79/modules/pending/discord_voice-1.zip: 86%
2025-01-13T17:54:12.749Z [Modules] Streaming discord_voice@1 to /home/karol/.config/discord/0.0.79/modules/pending/discord_voice-1.zip: 87%
2025-01-13T17:54:12.752Z [Modules] Streaming discord_voice@1 to /home/karol/.config/discord/0.0.79/modules/pending/discord_voice-1.zip: 88%
2025-01-13T17:54:12.756Z [Modules] Streaming discord_voice@1 to /home/karol/.config/discord/0.0.79/modules/pending/discord_voice-1.zip: 89%
2025-01-13T17:54:12.758Z [Modules] Streaming discord_voice@1 to /home/karol/.config/discord/0.0.79/modules/pending/discord_voice-1.zip: 90%
2025-01-13T17:54:12.759Z [Modules] Streaming discord_voice@1 to /home/karol/.config/discord/0.0.79/modules/pending/discord_voice-1.zip: 91%
2025-01-13T17:54:12.765Z [Modules] Streaming discord_voice@1 to /home/karol/.config/discord/0.0.79/modules/pending/discord_voice-1.zip: 92%
2025-01-13T17:54:12.767Z [Modules] Streaming discord_voice@1 to /home/karol/.config/discord/0.0.79/modules/pending/discord_voice-1.zip: 93%
2025-01-13T17:54:12.770Z [Modules] Streaming discord_voice@1 to /home/karol/.config/discord/0.0.79/modules/pending/discord_voice-1.zip: 94%
2025-01-13T17:54:12.772Z [Modules] Streaming discord_voice@1 to /home/karol/.config/discord/0.0.79/modules/pending/discord_voice-1.zip: 95%
2025-01-13T17:54:12.775Z [Modules] Streaming discord_voice@1 to /home/karol/.config/discord/0.0.79/modules/pending/discord_voice-1.zip: 96%
2025-01-13T17:54:12.777Z [Modules] Streaming discord_voice@1 to /home/karol/.config/discord/0.0.79/modules/pending/discord_voice-1.zip: 97%
2025-01-13T17:54:12.781Z [Modules] Streaming discord_voice@1 to /home/karol/.config/discord/0.0.79/modules/pending/discord_voice-1.zip: 98%
2025-01-13T17:54:12.783Z [Modules] Streaming discord_voice@1 to /home/karol/.config/discord/0.0.79/modules/pending/discord_voice-1.zip: 99%
2025-01-13T17:54:12.784Z [Modules] Streaming discord_voice@1 to /home/karol/.config/discord/0.0.79/modules/pending/discord_voice-1.zip: 100%
2025-01-13T17:54:12.786Z [Modules] Fetching discord_zstd@1 from https://discord.com/api/modules/stable/discord_zstd/1
2025-01-13T17:54:12.786Z [Modules] Streaming discord_zstd@1 to /home/karol/.config/discord/0.0.79/modules/pending/discord_zstd-1.zip
2025-01-13T17:54:13.005Z [Modules] Streaming discord_zstd@1 to /home/karol/.config/discord/0.0.79/modules/pending/discord_zstd-1.zip: 10%
2025-01-13T17:54:13.008Z [Modules] Streaming discord_zstd@1 to /home/karol/.config/discord/0.0.79/modules/pending/discord_zstd-1.zip: 21%
2025-01-13T17:54:13.008Z [Modules] Streaming discord_zstd@1 to /home/karol/.config/discord/0.0.79/modules/pending/discord_zstd-1.zip: 37%
2025-01-13T17:54:13.010Z [Modules] Streaming discord_zstd@1 to /home/karol/.config/discord/0.0.79/modules/pending/discord_zstd-1.zip: 52%
2025-01-13T17:54:13.011Z [Modules] Streaming discord_zstd@1 to /home/karol/.config/discord/0.0.79/modules/pending/discord_zstd-1.zip: 67%
2025-01-13T17:54:13.017Z [Modules] Streaming discord_zstd@1 to /home/karol/.config/discord/0.0.79/modules/pending/discord_zstd-1.zip: 69%
2025-01-13T17:54:13.022Z [Modules] Streaming discord_zstd@1 to /home/karol/.config/discord/0.0.79/modules/pending/discord_zstd-1.zip: 79%
2025-01-13T17:54:13.024Z [Modules] Streaming discord_zstd@1 to /home/karol/.config/discord/0.0.79/modules/pending/discord_zstd-1.zip: 90%
2025-01-13T17:54:13.025Z [Modules] Streaming discord_zstd@1 to /home/karol/.config/discord/0.0.79/modules/pending/discord_zstd-1.zip: 100%
2025-01-13T17:54:13.029Z [Modules] Finished module downloads. [success: 6] [failure: 0]
2025-01-13T17:54:13.030Z [Modules] Installing updates...
2025-01-13T17:54:13.030Z [Modules] Installing discord_desktop_core@1 from /home/karol/.config/discord/0.0.79/modules/pending/discord_desktop_core-1.zip
2025-01-13T17:54:13.158Z [Modules] Installing discord_erlpack@1 from /home/karol/.config/discord/0.0.79/modules/pending/discord_erlpack-1.zip
2025-01-13T17:54:13.247Z [Modules] Installing discord_spellcheck@1 from /home/karol/.config/discord/0.0.79/modules/pending/discord_spellcheck-1.zip
2025-01-13T17:54:14.135Z [Modules] Installing discord_utils@1 from /home/karol/.config/discord/0.0.79/modules/pending/discord_utils-1.zip
2025-01-13T17:54:14.324Z [Modules] Installing discord_voice@1 from /home/karol/.config/discord/0.0.79/modules/pending/discord_voice-1.zip
2025-01-13T17:54:15.053Z [Modules] Installing discord_zstd@1 from /home/karol/.config/discord/0.0.79/modules/pending/discord_zstd-1.zip
2025-01-13T17:54:15.067Z [Modules] Finished module installations. [success: 6] [failure: 0]
2025-01-13T17:54:15.067Z [Modules] Checking for host updates.
2025-01-13T17:54:15.236Z [Modules] Host is up to date.
2025-01-13T17:54:15.236Z [Modules] Checking for module updates at https://discord.com/api/modules/stable/versions.json
2025-01-13T17:54:15.267Z [Modules] No module updates available.
2025-01-13T17:54:16.989Z [Modules] Starting to install discord_krisp...
2025-01-13T17:54:16.990Z [Modules] Fetching discord_krisp@1 from https://discord.com/api/modules/stable/discord_krisp/1
2025-01-13T17:54:16.990Z [Modules] Streaming discord_krisp@1 to /home/karol/.config/discord/0.0.79/modules/pending/discord_krisp-1.zip
2025-01-13T17:54:17.006Z [Modules] Starting to install discord_game_utils...
2025-01-13T17:54:17.325Z [Modules] Streaming discord_krisp@1 to /home/karol/.config/discord/0.0.79/modules/pending/discord_krisp-1.zip: 1%
2025-01-13T17:54:17.343Z [Modules] Streaming discord_krisp@1 to /home/karol/.config/discord/0.0.79/modules/pending/discord_krisp-1.zip: 2%
2025-01-13T17:54:17.348Z [Modules] Streaming discord_krisp@1 to /home/karol/.config/discord/0.0.79/modules/pending/discord_krisp-1.zip: 3%
2025-01-13T17:54:17.354Z [Modules] Streaming discord_krisp@1 to /home/karol/.config/discord/0.0.79/modules/pending/discord_krisp-1.zip: 4%
2025-01-13T17:54:17.355Z [Modules] Streaming discord_krisp@1 to /home/karol/.config/discord/0.0.79/modules/pending/discord_krisp-1.zip: 5%
2025-01-13T17:54:17.356Z [Modules] Streaming discord_krisp@1 to /home/karol/.config/discord/0.0.79/modules/pending/discord_krisp-1.zip: 6%
2025-01-13T17:54:17.357Z [Modules] Streaming discord_krisp@1 to /home/karol/.config/discord/0.0.79/modules/pending/discord_krisp-1.zip: 7%
2025-01-13T17:54:17.358Z [Modules] Streaming discord_krisp@1 to /home/karol/.config/discord/0.0.79/modules/pending/discord_krisp-1.zip: 8%
2025-01-13T17:54:17.360Z [Modules] Streaming discord_krisp@1 to /home/karol/.config/discord/0.0.79/modules/pending/discord_krisp-1.zip: 9%
2025-01-13T17:54:17.364Z [Modules] Streaming discord_krisp@1 to /home/karol/.config/discord/0.0.79/modules/pending/discord_krisp-1.zip: 10%
2025-01-13T17:54:17.370Z [Modules] Streaming discord_krisp@1 to /home/karol/.config/discord/0.0.79/modules/pending/discord_krisp-1.zip: 11%
2025-01-13T17:54:17.375Z [Modules] Streaming discord_krisp@1 to /home/karol/.config/discord/0.0.79/modules/pending/discord_krisp-1.zip: 12%
2025-01-13T17:54:17.377Z [Modules] Streaming discord_krisp@1 to /home/karol/.config/discord/0.0.79/modules/pending/discord_krisp-1.zip: 13%
2025-01-13T17:54:17.386Z [Modules] Streaming discord_krisp@1 to /home/karol/.config/discord/0.0.79/modules/pending/discord_krisp-1.zip: 14%
2025-01-13T17:54:17.390Z [Modules] Streaming discord_krisp@1 to /home/karol/.config/discord/0.0.79/modules/pending/discord_krisp-1.zip: 15%
2025-01-13T17:54:17.397Z [Modules] Streaming discord_krisp@1 to /home/karol/.config/discord/0.0.79/modules/pending/discord_krisp-1.zip: 16%
2025-01-13T17:54:17.409Z [Modules] Streaming discord_krisp@1 to /home/karol/.config/discord/0.0.79/modules/pending/discord_krisp-1.zip: 17%
2025-01-13T17:54:17.414Z [Modules] Streaming discord_krisp@1 to /home/karol/.config/discord/0.0.79/modules/pending/discord_krisp-1.zip: 18%
2025-01-13T17:54:17.417Z [Modules] Streaming discord_krisp@1 to /home/karol/.config/discord/0.0.79/modules/pending/discord_krisp-1.zip: 19%
2025-01-13T17:54:17.420Z [Modules] Streaming discord_krisp@1 to /home/karol/.config/discord/0.0.79/modules/pending/discord_krisp-1.zip: 20%
2025-01-13T17:54:17.480Z [Modules] Streaming discord_krisp@1 to /home/karol/.config/discord/0.0.79/modules/pending/discord_krisp-1.zip: 21%
2025-01-13T17:54:17.506Z [Modules] Streaming discord_krisp@1 to /home/karol/.config/discord/0.0.79/modules/pending/discord_krisp-1.zip: 22%
2025-01-13T17:54:17.522Z [Modules] Streaming discord_krisp@1 to /home/karol/.config/discord/0.0.79/modules/pending/discord_krisp-1.zip: 23%
2025-01-13T17:54:17.544Z [Modules] Streaming discord_krisp@1 to /home/karol/.config/discord/0.0.79/modules/pending/discord_krisp-1.zip: 24%
2025-01-13T17:54:17.678Z [Modules] Streaming discord_krisp@1 to /home/karol/.config/discord/0.0.79/modules/pending/discord_krisp-1.zip: 25%
2025-01-13T17:54:17.720Z [Modules] Streaming discord_krisp@1 to /home/karol/.config/discord/0.0.79/modules/pending/discord_krisp-1.zip: 26%
2025-01-13T17:54:17.757Z [Modules] Streaming discord_krisp@1 to /home/karol/.config/discord/0.0.79/modules/pending/discord_krisp-1.zip: 27%
2025-01-13T17:54:17.773Z [Modules] Streaming discord_krisp@1 to /home/karol/.config/discord/0.0.79/modules/pending/discord_krisp-1.zip: 28%
2025-01-13T17:54:17.774Z [Modules] Streaming discord_krisp@1 to /home/karol/.config/discord/0.0.79/modules/pending/discord_krisp-1.zip: 29%
2025-01-13T17:54:17.775Z [Modules] Streaming discord_krisp@1 to /home/karol/.config/discord/0.0.79/modules/pending/discord_krisp-1.zip: 30%
2025-01-13T17:54:17.776Z [Modules] Streaming discord_krisp@1 to /home/karol/.config/discord/0.0.79/modules/pending/discord_krisp-1.zip: 31%
2025-01-13T17:54:17.777Z [Modules] Streaming discord_krisp@1 to /home/karol/.config/discord/0.0.79/modules/pending/discord_krisp-1.zip: 32%
2025-01-13T17:54:17.777Z [Modules] Streaming discord_krisp@1 to /home/karol/.config/discord/0.0.79/modules/pending/discord_krisp-1.zip: 33%
2025-01-13T17:54:17.778Z [Modules] Streaming discord_krisp@1 to /home/karol/.config/discord/0.0.79/modules/pending/discord_krisp-1.zip: 34%
2025-01-13T17:54:17.778Z [Modules] Streaming discord_krisp@1 to /home/karol/.config/discord/0.0.79/modules/pending/discord_krisp-1.zip: 35%
2025-01-13T17:54:17.779Z [Modules] Streaming discord_krisp@1 to /home/karol/.config/discord/0.0.79/modules/pending/discord_krisp-1.zip: 36%
2025-01-13T17:54:17.780Z [Modules] Streaming discord_krisp@1 to /home/karol/.config/discord/0.0.79/modules/pending/discord_krisp-1.zip: 37%
2025-01-13T17:54:17.787Z [Modules] Streaming discord_krisp@1 to /home/karol/.config/discord/0.0.79/modules/pending/discord_krisp-1.zip: 38%
2025-01-13T17:54:17.790Z [Modules] Streaming discord_krisp@1 to /home/karol/.config/discord/0.0.79/modules/pending/discord_krisp-1.zip: 39%
2025-01-13T17:54:17.801Z [Modules] Streaming discord_krisp@1 to /home/karol/.config/discord/0.0.79/modules/pending/discord_krisp-1.zip: 40%
2025-01-13T17:54:17.813Z [Modules] Streaming discord_krisp@1 to /home/karol/.config/discord/0.0.79/modules/pending/discord_krisp-1.zip: 41%
2025-01-13T17:54:17.828Z [Modules] Streaming discord_krisp@1 to /home/karol/.config/discord/0.0.79/modules/pending/discord_krisp-1.zip: 42%
2025-01-13T17:54:17.832Z [Modules] Streaming discord_krisp@1 to /home/karol/.config/discord/0.0.79/modules/pending/discord_krisp-1.zip: 43%
2025-01-13T17:54:17.849Z [Modules] Streaming discord_krisp@1 to /home/karol/.config/discord/0.0.79/modules/pending/discord_krisp-1.zip: 44%
2025-01-13T17:54:17.856Z [Modules] Streaming discord_krisp@1 to /home/karol/.config/discord/0.0.79/modules/pending/discord_krisp-1.zip: 45%
2025-01-13T17:54:17.866Z [Modules] Streaming discord_krisp@1 to /home/karol/.config/discord/0.0.79/modules/pending/discord_krisp-1.zip: 46%
2025-01-13T17:54:17.875Z [Modules] Streaming discord_krisp@1 to /home/karol/.config/discord/0.0.79/modules/pending/discord_krisp-1.zip: 47%
2025-01-13T17:54:17.880Z [Modules] Streaming discord_krisp@1 to /home/karol/.config/discord/0.0.79/modules/pending/discord_krisp-1.zip: 48%
2025-01-13T17:54:17.886Z [Modules] Streaming discord_krisp@1 to /home/karol/.config/discord/0.0.79/modules/pending/discord_krisp-1.zip: 49%
2025-01-13T17:54:17.891Z [Modules] Streaming discord_krisp@1 to /home/karol/.config/discord/0.0.79/modules/pending/discord_krisp-1.zip: 50%
2025-01-13T17:54:17.897Z [Modules] Streaming discord_krisp@1 to /home/karol/.config/discord/0.0.79/modules/pending/discord_krisp-1.zip: 51%
2025-01-13T17:54:17.909Z [Modules] Streaming discord_krisp@1 to /home/karol/.config/discord/0.0.79/modules/pending/discord_krisp-1.zip: 52%
2025-01-13T17:54:17.918Z [Modules] Streaming discord_krisp@1 to /home/karol/.config/discord/0.0.79/modules/pending/discord_krisp-1.zip: 53%
2025-01-13T17:54:17.922Z [Modules] Streaming discord_krisp@1 to /home/karol/.config/discord/0.0.79/modules/pending/discord_krisp-1.zip: 54%
2025-01-13T17:54:17.927Z [Modules] Streaming discord_krisp@1 to /home/karol/.config/discord/0.0.79/modules/pending/discord_krisp-1.zip: 55%
2025-01-13T17:54:17.932Z [Modules] Streaming discord_krisp@1 to /home/karol/.config/discord/0.0.79/modules/pending/discord_krisp-1.zip: 56%
2025-01-13T17:54:17.942Z [Modules] Streaming discord_krisp@1 to /home/karol/.config/discord/0.0.79/modules/pending/discord_krisp-1.zip: 58%
2025-01-13T17:54:17.949Z [Modules] Streaming discord_krisp@1 to /home/karol/.config/discord/0.0.79/modules/pending/discord_krisp-1.zip: 59%
2025-01-13T17:54:17.953Z [Modules] Streaming discord_krisp@1 to /home/karol/.config/discord/0.0.79/modules/pending/discord_krisp-1.zip: 60%
2025-01-13T17:54:17.959Z [Modules] Streaming discord_krisp@1 to /home/karol/.config/discord/0.0.79/modules/pending/discord_krisp-1.zip: 61%
2025-01-13T17:54:17.960Z [Modules] Streaming discord_krisp@1 to /home/karol/.config/discord/0.0.79/modules/pending/discord_krisp-1.zip: 62%
2025-01-13T17:54:17.968Z [Modules] Streaming discord_krisp@1 to /home/karol/.config/discord/0.0.79/modules/pending/discord_krisp-1.zip: 63%
2025-01-13T17:54:17.970Z [Modules] Streaming discord_krisp@1 to /home/karol/.config/discord/0.0.79/modules/pending/discord_krisp-1.zip: 64%
2025-01-13T17:54:17.977Z [Modules] Streaming discord_krisp@1 to /home/karol/.config/discord/0.0.79/modules/pending/discord_krisp-1.zip: 65%
2025-01-13T17:54:17.979Z [Modules] Streaming discord_krisp@1 to /home/karol/.config/discord/0.0.79/modules/pending/discord_krisp-1.zip: 66%
2025-01-13T17:54:17.982Z [Modules] Streaming discord_krisp@1 to /home/karol/.config/discord/0.0.79/modules/pending/discord_krisp-1.zip: 67%
2025-01-13T17:54:17.985Z [Modules] Streaming discord_krisp@1 to /home/karol/.config/discord/0.0.79/modules/pending/discord_krisp-1.zip: 68%
2025-01-13T17:54:17.989Z [Modules] Streaming discord_krisp@1 to /home/karol/.config/discord/0.0.79/modules/pending/discord_krisp-1.zip: 69%
2025-01-13T17:54:17.993Z [Modules] Streaming discord_krisp@1 to /home/karol/.config/discord/0.0.79/modules/pending/discord_krisp-1.zip: 70%
2025-01-13T17:54:17.998Z [Modules] Streaming discord_krisp@1 to /home/karol/.config/discord/0.0.79/modules/pending/discord_krisp-1.zip: 71%
2025-01-13T17:54:18.002Z [Modules] Streaming discord_krisp@1 to /home/karol/.config/discord/0.0.79/modules/pending/discord_krisp-1.zip: 72%
2025-01-13T17:54:18.009Z [Modules] Streaming discord_krisp@1 to /home/karol/.config/discord/0.0.79/modules/pending/discord_krisp-1.zip: 73%
2025-01-13T17:54:18.014Z [Modules] Streaming discord_krisp@1 to /home/karol/.config/discord/0.0.79/modules/pending/discord_krisp-1.zip: 74%
2025-01-13T17:54:18.018Z [Modules] Streaming discord_krisp@1 to /home/karol/.config/discord/0.0.79/modules/pending/discord_krisp-1.zip: 75%
2025-01-13T17:54:18.030Z [Modules] Streaming discord_krisp@1 to /home/karol/.config/discord/0.0.79/modules/pending/discord_krisp-1.zip: 76%
2025-01-13T17:54:18.042Z [Modules] Streaming discord_krisp@1 to /home/karol/.config/discord/0.0.79/modules/pending/discord_krisp-1.zip: 77%
2025-01-13T17:54:18.054Z [Modules] Checking for host updates.
2025-01-13T17:54:18.057Z [Modules] Streaming discord_krisp@1 to /home/karol/.config/discord/0.0.79/modules/pending/discord_krisp-1.zip: 78%
2025-01-13T17:54:18.065Z [Modules] Streaming discord_krisp@1 to /home/karol/.config/discord/0.0.79/modules/pending/discord_krisp-1.zip: 79%
2025-01-13T17:54:18.072Z [Modules] Streaming discord_krisp@1 to /home/karol/.config/discord/0.0.79/modules/pending/discord_krisp-1.zip: 80%
2025-01-13T17:54:18.083Z [Modules] Streaming discord_krisp@1 to /home/karol/.config/discord/0.0.79/modules/pending/discord_krisp-1.zip: 81%
2025-01-13T17:54:18.088Z [Modules] Streaming discord_krisp@1 to /home/karol/.config/discord/0.0.79/modules/pending/discord_krisp-1.zip: 82%
2025-01-13T17:54:18.094Z [Modules] Streaming discord_krisp@1 to /home/karol/.config/discord/0.0.79/modules/pending/discord_krisp-1.zip: 83%
2025-01-13T17:54:18.099Z [Modules] Streaming discord_krisp@1 to /home/karol/.config/discord/0.0.79/modules/pending/discord_krisp-1.zip: 84%
2025-01-13T17:54:18.104Z [Modules] Streaming discord_krisp@1 to /home/karol/.config/discord/0.0.79/modules/pending/discord_krisp-1.zip: 85%
2025-01-13T17:54:18.112Z [Modules] Streaming discord_krisp@1 to /home/karol/.config/discord/0.0.79/modules/pending/discord_krisp-1.zip: 86%
2025-01-13T17:54:18.116Z [Modules] Streaming discord_krisp@1 to /home/karol/.config/discord/0.0.79/modules/pending/discord_krisp-1.zip: 87%
2025-01-13T17:54:18.121Z [Modules] Streaming discord_krisp@1 to /home/karol/.config/discord/0.0.79/modules/pending/discord_krisp-1.zip: 88%
2025-01-13T17:54:18.126Z [Modules] Streaming discord_krisp@1 to /home/karol/.config/discord/0.0.79/modules/pending/discord_krisp-1.zip: 89%
2025-01-13T17:54:18.131Z [Modules] Streaming discord_krisp@1 to /home/karol/.config/discord/0.0.79/modules/pending/discord_krisp-1.zip: 90%
2025-01-13T17:54:18.136Z [Modules] Streaming discord_krisp@1 to /home/karol/.config/discord/0.0.79/modules/pending/discord_krisp-1.zip: 91%
2025-01-13T17:54:18.141Z [Modules] Streaming discord_krisp@1 to /home/karol/.config/discord/0.0.79/modules/pending/discord_krisp-1.zip: 92%
2025-01-13T17:54:18.180Z [Modules] Streaming discord_krisp@1 to /home/karol/.config/discord/0.0.79/modules/pending/discord_krisp-1.zip: 93%
2025-01-13T17:54:18.185Z [Modules] Streaming discord_krisp@1 to /home/karol/.config/discord/0.0.79/modules/pending/discord_krisp-1.zip: 94%
2025-01-13T17:54:18.186Z [Modules] Starting to install discord_rpc...
2025-01-13T17:54:18.189Z [Modules] Streaming discord_krisp@1 to /home/karol/.config/discord/0.0.79/modules/pending/discord_krisp-1.zip: 95%
2025-01-13T17:54:18.194Z [Modules] Streaming discord_krisp@1 to /home/karol/.config/discord/0.0.79/modules/pending/discord_krisp-1.zip: 96%
2025-01-13T17:54:18.196Z [Modules] Streaming discord_krisp@1 to /home/karol/.config/discord/0.0.79/modules/pending/discord_krisp-1.zip: 97%
2025-01-13T17:54:18.199Z [Modules] Streaming discord_krisp@1 to /home/karol/.config/discord/0.0.79/modules/pending/discord_krisp-1.zip: 98%
2025-01-13T17:54:18.204Z [Modules] Streaming discord_krisp@1 to /home/karol/.config/discord/0.0.79/modules/pending/discord_krisp-1.zip: 99%
2025-01-13T17:54:18.212Z [Modules] Streaming discord_krisp@1 to /home/karol/.config/discord/0.0.79/modules/pending/discord_krisp-1.zip: 100%
2025-01-13T17:54:18.214Z [Modules] Fetching discord_game_utils@1 from https://discord.com/api/modules/stable/discord_game_utils/1
2025-01-13T17:54:18.214Z [Modules] Streaming discord_game_utils@1 to /home/karol/.config/discord/0.0.79/modules/pending/discord_game_utils-1.zip
2025-01-13T17:54:18.214Z [Modules] Installing discord_krisp@1 from /home/karol/.config/discord/0.0.79/modules/pending/discord_krisp-1.zip
2025-01-13T17:54:18.221Z [Modules] Host is up to date.
2025-01-13T17:54:18.221Z [Modules] Checking for module updates at https://discord.com/api/modules/stable/versions.json
2025-01-13T17:54:18.265Z [Modules] No module updates available.
2025-01-13T17:54:18.675Z [Modules] Streaming discord_game_utils@1 to /home/karol/.config/discord/0.0.79/modules/pending/discord_game_utils-1.zip: 1%
2025-01-13T17:54:18.676Z [Modules] Streaming discord_game_utils@1 to /home/karol/.config/discord/0.0.79/modules/pending/discord_game_utils-1.zip: 3%
2025-01-13T17:54:18.676Z [Modules] Streaming discord_game_utils@1 to /home/karol/.config/discord/0.0.79/modules/pending/discord_game_utils-1.zip: 4%
2025-01-13T17:54:18.676Z [Modules] Streaming discord_game_utils@1 to /home/karol/.config/discord/0.0.79/modules/pending/discord_game_utils-1.zip: 5%
2025-01-13T17:54:18.677Z [Modules] Streaming discord_game_utils@1 to /home/karol/.config/discord/0.0.79/modules/pending/discord_game_utils-1.zip: 6%
2025-01-13T17:54:18.678Z [Modules] Streaming discord_game_utils@1 to /home/karol/.config/discord/0.0.79/modules/pending/discord_game_utils-1.zip: 7%
2025-01-13T17:54:18.678Z [Modules] Streaming discord_game_utils@1 to /home/karol/.config/discord/0.0.79/modules/pending/discord_game_utils-1.zip: 8%
2025-01-13T17:54:18.679Z [Modules] Streaming discord_game_utils@1 to /home/karol/.config/discord/0.0.79/modules/pending/discord_game_utils-1.zip: 9%
2025-01-13T17:54:18.679Z [Modules] Streaming discord_game_utils@1 to /home/karol/.config/discord/0.0.79/modules/pending/discord_game_utils-1.zip: 10%
2025-01-13T17:54:18.680Z [Modules] Streaming discord_game_utils@1 to /home/karol/.config/discord/0.0.79/modules/pending/discord_game_utils-1.zip: 12%
2025-01-13T17:54:18.681Z [Modules] Streaming discord_game_utils@1 to /home/karol/.config/discord/0.0.79/modules/pending/discord_game_utils-1.zip: 13%
2025-01-13T17:54:18.684Z [Modules] Streaming discord_game_utils@1 to /home/karol/.config/discord/0.0.79/modules/pending/discord_game_utils-1.zip: 14%
2025-01-13T17:54:18.685Z [Modules] Streaming discord_game_utils@1 to /home/karol/.config/discord/0.0.79/modules/pending/discord_game_utils-1.zip: 15%
2025-01-13T17:54:18.686Z [Modules] Streaming discord_game_utils@1 to /home/karol/.config/discord/0.0.79/modules/pending/discord_game_utils-1.zip: 16%
2025-01-13T17:54:18.687Z [Modules] Streaming discord_game_utils@1 to /home/karol/.config/discord/0.0.79/modules/pending/discord_game_utils-1.zip: 17%
2025-01-13T17:54:18.688Z [Modules] Streaming discord_game_utils@1 to /home/karol/.config/discord/0.0.79/modules/pending/discord_game_utils-1.zip: 18%
2025-01-13T17:54:18.688Z [Modules] Streaming discord_game_utils@1 to /home/karol/.config/discord/0.0.79/modules/pending/discord_game_utils-1.zip: 20%
2025-01-13T17:54:18.689Z [Modules] Streaming discord_game_utils@1 to /home/karol/.config/discord/0.0.79/modules/pending/discord_game_utils-1.zip: 21%
2025-01-13T17:54:18.690Z [Modules] Streaming discord_game_utils@1 to /home/karol/.config/discord/0.0.79/modules/pending/discord_game_utils-1.zip: 22%
2025-01-13T17:54:18.691Z [Modules] Streaming discord_game_utils@1 to /home/karol/.config/discord/0.0.79/modules/pending/discord_game_utils-1.zip: 23%
2025-01-13T17:54:18.692Z [Modules] Streaming discord_game_utils@1 to /home/karol/.config/discord/0.0.79/modules/pending/discord_game_utils-1.zip: 25%
2025-01-13T17:54:18.694Z [Modules] Streaming discord_game_utils@1 to /home/karol/.config/discord/0.0.79/modules/pending/discord_game_utils-1.zip: 29%
2025-01-13T17:54:18.695Z [Modules] Streaming discord_game_utils@1 to /home/karol/.config/discord/0.0.79/modules/pending/discord_game_utils-1.zip: 31%
2025-01-13T17:54:18.697Z [Modules] Streaming discord_game_utils@1 to /home/karol/.config/discord/0.0.79/modules/pending/discord_game_utils-1.zip: 34%
2025-01-13T17:54:18.700Z [Modules] Streaming discord_game_utils@1 to /home/karol/.config/discord/0.0.79/modules/pending/discord_game_utils-1.zip: 37%
2025-01-13T17:54:18.701Z [Modules] Streaming discord_game_utils@1 to /home/karol/.config/discord/0.0.79/modules/pending/discord_game_utils-1.zip: 38%
2025-01-13T17:54:18.702Z [Modules] Streaming discord_game_utils@1 to /home/karol/.config/discord/0.0.79/modules/pending/discord_game_utils-1.zip: 41%
2025-01-13T17:54:18.703Z [Modules] Streaming discord_game_utils@1 to /home/karol/.config/discord/0.0.79/modules/pending/discord_game_utils-1.zip: 42%
2025-01-13T17:54:18.705Z [Modules] Streaming discord_game_utils@1 to /home/karol/.config/discord/0.0.79/modules/pending/discord_game_utils-1.zip: 43%
2025-01-13T17:54:18.707Z [Modules] Streaming discord_game_utils@1 to /home/karol/.config/discord/0.0.79/modules/pending/discord_game_utils-1.zip: 44%
2025-01-13T17:54:18.708Z [Modules] Streaming discord_game_utils@1 to /home/karol/.config/discord/0.0.79/modules/pending/discord_game_utils-1.zip: 46%
2025-01-13T17:54:18.710Z [Modules] Streaming discord_game_utils@1 to /home/karol/.config/discord/0.0.79/modules/pending/discord_game_utils-1.zip: 47%
2025-01-13T17:54:18.712Z [Modules] Streaming discord_game_utils@1 to /home/karol/.config/discord/0.0.79/modules/pending/discord_game_utils-1.zip: 48%
2025-01-13T17:54:18.712Z [Modules] Streaming discord_game_utils@1 to /home/karol/.config/discord/0.0.79/modules/pending/discord_game_utils-1.zip: 49%
2025-01-13T17:54:18.713Z [Modules] Streaming discord_game_utils@1 to /home/karol/.config/discord/0.0.79/modules/pending/discord_game_utils-1.zip: 50%
2025-01-13T17:54:18.715Z [Modules] Streaming discord_game_utils@1 to /home/karol/.config/discord/0.0.79/modules/pending/discord_game_utils-1.zip: 51%
2025-01-13T17:54:18.715Z [Modules] Streaming discord_game_utils@1 to /home/karol/.config/discord/0.0.79/modules/pending/discord_game_utils-1.zip: 52%
2025-01-13T17:54:18.717Z [Modules] Streaming discord_game_utils@1 to /home/karol/.config/discord/0.0.79/modules/pending/discord_game_utils-1.zip: 53%
2025-01-13T17:54:18.719Z [Modules] Streaming discord_game_utils@1 to /home/karol/.config/discord/0.0.79/modules/pending/discord_game_utils-1.zip: 54%
2025-01-13T17:54:18.720Z [Modules] Streaming discord_game_utils@1 to /home/karol/.config/discord/0.0.79/modules/pending/discord_game_utils-1.zip: 55%
2025-01-13T17:54:18.722Z [Modules] Streaming discord_game_utils@1 to /home/karol/.config/discord/0.0.79/modules/pending/discord_game_utils-1.zip: 56%
2025-01-13T17:54:18.722Z [Modules] Streaming discord_game_utils@1 to /home/karol/.config/discord/0.0.79/modules/pending/discord_game_utils-1.zip: 58%
2025-01-13T17:54:18.723Z [Modules] Streaming discord_game_utils@1 to /home/karol/.config/discord/0.0.79/modules/pending/discord_game_utils-1.zip: 59%
2025-01-13T17:54:18.724Z [Modules] Streaming discord_game_utils@1 to /home/karol/.config/discord/0.0.79/modules/pending/discord_game_utils-1.zip: 60%
2025-01-13T17:54:18.726Z [Modules] Streaming discord_game_utils@1 to /home/karol/.config/discord/0.0.79/modules/pending/discord_game_utils-1.zip: 61%
2025-01-13T17:54:18.726Z [Modules] Streaming discord_game_utils@1 to /home/karol/.config/discord/0.0.79/modules/pending/discord_game_utils-1.zip: 62%
2025-01-13T17:54:18.727Z [Modules] Streaming discord_game_utils@1 to /home/karol/.config/discord/0.0.79/modules/pending/discord_game_utils-1.zip: 63%
2025-01-13T17:54:18.728Z [Modules] Streaming discord_game_utils@1 to /home/karol/.config/discord/0.0.79/modules/pending/discord_game_utils-1.zip: 64%
2025-01-13T17:54:18.730Z [Modules] Streaming discord_game_utils@1 to /home/karol/.config/discord/0.0.79/modules/pending/discord_game_utils-1.zip: 65%
2025-01-13T17:54:18.731Z [Modules] Streaming discord_game_utils@1 to /home/karol/.config/discord/0.0.79/modules/pending/discord_game_utils-1.zip: 66%
2025-01-13T17:54:18.731Z [Modules] Streaming discord_game_utils@1 to /home/karol/.config/discord/0.0.79/modules/pending/discord_game_utils-1.zip: 67%
2025-01-13T17:54:18.733Z [Modules] Streaming discord_game_utils@1 to /home/karol/.config/discord/0.0.79/modules/pending/discord_game_utils-1.zip: 69%
2025-01-13T17:54:18.734Z [Modules] Streaming discord_game_utils@1 to /home/karol/.config/discord/0.0.79/modules/pending/discord_game_utils-1.zip: 71%
2025-01-13T17:54:18.735Z [Modules] Streaming discord_game_utils@1 to /home/karol/.config/discord/0.0.79/modules/pending/discord_game_utils-1.zip: 72%
2025-01-13T17:54:18.735Z [Modules] Streaming discord_game_utils@1 to /home/karol/.config/discord/0.0.79/modules/pending/discord_game_utils-1.zip: 73%
2025-01-13T17:54:18.736Z [Modules] Streaming discord_game_utils@1 to /home/karol/.config/discord/0.0.79/modules/pending/discord_game_utils-1.zip: 74%
2025-01-13T17:54:18.737Z [Modules] Streaming discord_game_utils@1 to /home/karol/.config/discord/0.0.79/modules/pending/discord_game_utils-1.zip: 75%
2025-01-13T17:54:18.737Z [Modules] Streaming discord_game_utils@1 to /home/karol/.config/discord/0.0.79/modules/pending/discord_game_utils-1.zip: 77%
2025-01-13T17:54:18.738Z [Modules] Streaming discord_game_utils@1 to /home/karol/.config/discord/0.0.79/modules/pending/discord_game_utils-1.zip: 80%
2025-01-13T17:54:18.741Z [Modules] Streaming discord_game_utils@1 to /home/karol/.config/discord/0.0.79/modules/pending/discord_game_utils-1.zip: 82%
2025-01-13T17:54:18.742Z [Modules] Streaming discord_game_utils@1 to /home/karol/.config/discord/0.0.79/modules/pending/discord_game_utils-1.zip: 83%
2025-01-13T17:54:18.742Z [Modules] Streaming discord_game_utils@1 to /home/karol/.config/discord/0.0.79/modules/pending/discord_game_utils-1.zip: 84%
2025-01-13T17:54:18.743Z [Modules] Streaming discord_game_utils@1 to /home/karol/.config/discord/0.0.79/modules/pending/discord_game_utils-1.zip: 85%
2025-01-13T17:54:18.744Z [Modules] Streaming discord_game_utils@1 to /home/karol/.config/discord/0.0.79/modules/pending/discord_game_utils-1.zip: 86%
2025-01-13T17:54:18.744Z [Modules] Streaming discord_game_utils@1 to /home/karol/.config/discord/0.0.79/modules/pending/discord_game_utils-1.zip: 88%
2025-01-13T17:54:18.745Z [Modules] Streaming discord_game_utils@1 to /home/karol/.config/discord/0.0.79/modules/pending/discord_game_utils-1.zip: 89%
2025-01-13T17:54:18.745Z [Modules] Streaming discord_game_utils@1 to /home/karol/.config/discord/0.0.79/modules/pending/discord_game_utils-1.zip: 91%
2025-01-13T17:54:18.747Z [Modules] Streaming discord_game_utils@1 to /home/karol/.config/discord/0.0.79/modules/pending/discord_game_utils-1.zip: 92%
2025-01-13T17:54:18.748Z [Modules] Streaming discord_game_utils@1 to /home/karol/.config/discord/0.0.79/modules/pending/discord_game_utils-1.zip: 94%
2025-01-13T17:54:18.750Z [Modules] Streaming discord_game_utils@1 to /home/karol/.config/discord/0.0.79/modules/pending/discord_game_utils-1.zip: 95%
2025-01-13T17:54:18.750Z [Modules] Streaming discord_game_utils@1 to /home/karol/.config/discord/0.0.79/modules/pending/discord_game_utils-1.zip: 96%
2025-01-13T17:54:18.753Z [Modules] Streaming discord_game_utils@1 to /home/karol/.config/discord/0.0.79/modules/pending/discord_game_utils-1.zip: 97%
2025-01-13T17:54:18.753Z [Modules] Streaming discord_game_utils@1 to /home/karol/.config/discord/0.0.79/modules/pending/discord_game_utils-1.zip: 98%
2025-01-13T17:54:18.755Z [Modules] Streaming discord_game_utils@1 to /home/karol/.config/discord/0.0.79/modules/pending/discord_game_utils-1.zip: 99%
2025-01-13T17:54:18.757Z [Modules] Streaming discord_game_utils@1 to /home/karol/.config/discord/0.0.79/modules/pending/discord_game_utils-1.zip: 100%
2025-01-13T17:54:18.759Z [Modules] Fetching discord_rpc@1 from https://discord.com/api/modules/stable/discord_rpc/1
2025-01-13T17:54:18.759Z [Modules] Streaming discord_rpc@1 to /home/karol/.config/discord/0.0.79/modules/pending/discord_rpc-1.zip
2025-01-13T17:54:18.967Z [Modules] Streaming discord_rpc@1 to /home/karol/.config/discord/0.0.79/modules/pending/discord_rpc-1.zip: 100%
2025-01-13T17:54:18.968Z [Modules] Finished module downloads. [success: 3] [failure: 0]
2025-01-13T17:54:19.075Z [Modules] Installing discord_game_utils@1 from /home/karol/.config/discord/0.0.79/modules/pending/discord_game_utils-1.zip
2025-01-13T17:54:19.155Z [Modules] Installing discord_rpc@1 from /home/karol/.config/discord/0.0.79/modules/pending/discord_rpc-1.zip
2025-01-13T17:54:19.167Z [Modules] Finished module installations. [success: 3] [failure: 0]
2025-01-13T18:54:18.056Z [Modules] Checking for host updates.
2025-01-13T18:54:18.260Z [Modules] Host is up to date.
2025-01-13T18:54:18.261Z [Modules] Checking for module updates at https://discord.com/api/modules/stable/versions.json
2025-01-13T18:54:18.284Z [Modules] No module updates available.
2025-01-13T19:07:42.475Z [Modules] Modules initializing
2025-01-13T19:07:42.476Z [Modules] Distribution: remote
2025-01-13T19:07:42.476Z [Modules] Host updates: enabled
2025-01-13T19:07:42.476Z [Modules] Module updates: enabled
2025-01-13T19:07:42.476Z [Modules] Module install path: /home/karol/.config/discord/0.0.79/modules
2025-01-13T19:07:42.476Z [Modules] Module installed file path: /home/karol/.config/discord/0.0.79/modules/installed.json
2025-01-13T19:07:42.476Z [Modules] Module download path: /home/karol/.config/discord/0.0.79/modules/pending
2025-01-13T19:07:42.883Z [Modules] No updates to install
2025-01-13T19:07:42.884Z [Modules] Checking for host updates.
2025-01-13T19:07:43.140Z [Modules] Host is up to date.
2025-01-13T19:07:43.140Z [Modules] Checking for module updates at https://discord.com/api/modules/stable/versions.json
2025-01-13T19:07:43.195Z [Modules] No module updates available.
2025-01-13T19:07:46.831Z [Modules] Checking for host updates.
2025-01-13T19:07:47.016Z [Modules] Host is up to date.
2025-01-13T19:07:47.016Z [Modules] Checking for module updates at https://discord.com/api/modules/stable/versions.json
2025-01-13T19:07:47.043Z [Modules] No module updates available.
2025-01-13T20:08:59.048Z [Modules] Checking for host updates.
2025-01-13T20:08:59.237Z [Modules] Host is up to date.
2025-01-13T20:08:59.237Z [Modules] Checking for module updates at https://discord.com/api/modules/stable/versions.json
2025-01-13T20:08:59.341Z [Modules] No module updates available.
2025-01-13T21:08:59.076Z [Modules] Checking for host updates.
2025-01-13T21:08:59.270Z [Modules] Host is up to date.
2025-01-13T21:08:59.270Z [Modules] Checking for module updates at https://discord.com/api/modules/stable/versions.json
2025-01-13T21:08:59.297Z [Modules] No module updates available.
